{"/home/travis/build/npmtest/node-npmtest-react-jade/test.js":{"path":"/home/travis/build/npmtest/node-npmtest-react-jade/test.js","s":{"1":2,"2":2,"3":2,"4":2,"5":2,"6":2,"7":2,"8":1,"9":2,"10":2,"11":1,"12":1,"13":1,"14":1,"15":2,"16":2,"17":2,"18":2,"19":1,"20":1,"21":2,"22":2,"23":2,"24":1,"25":1,"26":1,"27":1,"28":1,"29":1,"30":1,"31":1,"32":1,"33":1,"34":1,"35":1,"36":1,"37":1,"38":1,"39":2,"40":2,"41":1,"42":2,"43":2,"44":1,"45":2,"46":2,"47":1,"48":2,"49":2,"50":1,"51":1,"52":1,"53":1,"54":1},"b":{"1":[2,1,1,1],"2":[1,1,1,1],"3":[1,1],"4":[1,1],"5":[1,1],"6":[1,1],"7":[1,1],"8":[1,1],"9":[1,1],"10":[1,1,1],"11":[1,1],"12":[1,1],"13":[1,1],"14":[1,1],"15":[1,1],"16":[1,1],"17":[1,1]},"f":{"1":2,"2":2,"3":2,"4":2,"5":2,"6":1,"7":1,"8":1,"9":2,"10":2,"11":2,"12":2,"13":1},"fnMap":{"1":{"name":"(anonymous_1)","line":12,"loc":{"start":{"line":12,"column":1},"end":{"line":12,"column":13}}},"2":{"name":"(anonymous_2)","line":19,"loc":{"start":{"line":19,"column":5},"end":{"line":19,"column":17}}},"3":{"name":"(anonymous_3)","line":23,"loc":{"start":{"line":23,"column":24},"end":{"line":23,"column":36}}},"4":{"name":"(anonymous_4)","line":61,"loc":{"start":{"line":61,"column":5},"end":{"line":61,"column":17}}},"5":{"name":"(anonymous_5)","line":82,"loc":{"start":{"line":82,"column":5},"end":{"line":82,"column":17}}},"6":{"name":"(anonymous_6)","line":91,"loc":{"start":{"line":91,"column":77},"end":{"line":94,"column":10}}},"7":{"name":"(anonymous_7)","line":112,"loc":{"start":{"line":112,"column":83},"end":{"line":115,"column":10}},"skip":true},"8":{"name":"(anonymous_8)","line":123,"loc":{"start":{"line":123,"column":77},"end":{"line":126,"column":10}},"skip":true},"9":{"name":"(anonymous_9)","line":139,"loc":{"start":{"line":139,"column":12},"end":{"line":139,"column":40}},"skip":true},"10":{"name":"(anonymous_10)","line":147,"loc":{"start":{"line":147,"column":77},"end":{"line":150,"column":10}},"skip":true},"11":{"name":"(anonymous_11)","line":158,"loc":{"start":{"line":158,"column":83},"end":{"line":161,"column":10}},"skip":true},"12":{"name":"(anonymous_12)","line":169,"loc":{"start":{"line":169,"column":79},"end":{"line":172,"column":10}},"skip":true},"13":{"name":"(anonymous_13)","line":180,"loc":{"start":{"line":180,"column":75},"end":{"line":183,"column":10}},"skip":true}},"statementMap":{"1":{"start":{"line":12,"column":0},"end":{"line":195,"column":5}},"2":{"start":{"line":14,"column":4},"end":{"line":14,"column":14}},"3":{"start":{"line":19,"column":4},"end":{"line":56,"column":9}},"4":{"start":{"line":21,"column":8},"end":{"line":21,"column":19}},"5":{"start":{"line":23,"column":8},"end":{"line":35,"column":13}},"6":{"start":{"line":24,"column":12},"end":{"line":34,"column":13}},"7":{"start":{"line":25,"column":16},"end":{"line":28,"column":30}},"8":{"start":{"line":30,"column":16},"end":{"line":33,"column":27}},"9":{"start":{"line":37,"column":8},"end":{"line":39,"column":21}},"10":{"start":{"line":40,"column":8},"end":{"line":53,"column":9}},"11":{"start":{"line":43,"column":12},"end":{"line":46,"column":14}},"12":{"start":{"line":47,"column":12},"end":{"line":47,"column":18}},"13":{"start":{"line":50,"column":12},"end":{"line":51,"column":33}},"14":{"start":{"line":52,"column":12},"end":{"line":52,"column":18}},"15":{"start":{"line":55,"column":8},"end":{"line":55,"column":35}},"16":{"start":{"line":61,"column":4},"end":{"line":63,"column":9}},"17":{"start":{"line":62,"column":8},"end":{"line":62,"column":15}},"18":{"start":{"line":64,"column":4},"end":{"line":77,"column":5}},"19":{"start":{"line":70,"column":8},"end":{"line":70,"column":14}},"20":{"start":{"line":76,"column":8},"end":{"line":76,"column":14}},"21":{"start":{"line":82,"column":4},"end":{"line":84,"column":9}},"22":{"start":{"line":83,"column":8},"end":{"line":83,"column":15}},"23":{"start":{"line":85,"column":4},"end":{"line":194,"column":5}},"24":{"start":{"line":91,"column":8},"end":{"line":99,"column":10}},"25":{"start":{"line":98,"column":12},"end":{"line":98,"column":35}},"26":{"start":{"line":102,"column":8},"end":{"line":104,"column":63}},"27":{"start":{"line":105,"column":8},"end":{"line":105,"column":14}},"28":{"start":{"line":112,"column":8},"end":{"line":121,"column":10},"skip":true},"29":{"start":{"line":119,"column":12},"end":{"line":119,"column":55},"skip":true},"30":{"start":{"line":120,"column":12},"end":{"line":120,"column":48},"skip":true},"31":{"start":{"line":123,"column":8},"end":{"line":136,"column":10},"skip":true},"32":{"start":{"line":130,"column":12},"end":{"line":130,"column":76},"skip":true},"33":{"start":{"line":131,"column":12},"end":{"line":131,"column":73},"skip":true},"34":{"start":{"line":132,"column":12},"end":{"line":132,"column":74},"skip":true},"35":{"start":{"line":133,"column":12},"end":{"line":133,"column":79},"skip":true},"36":{"start":{"line":134,"column":12},"end":{"line":134,"column":25},"skip":true},"37":{"start":{"line":135,"column":12},"end":{"line":135,"column":45},"skip":true},"38":{"start":{"line":138,"column":8},"end":{"line":145,"column":14},"skip":true},"39":{"start":{"line":143,"column":16},"end":{"line":143,"column":29},"skip":true},"40":{"start":{"line":144,"column":16},"end":{"line":144,"column":55},"skip":true},"41":{"start":{"line":147,"column":8},"end":{"line":156,"column":10},"skip":true},"42":{"start":{"line":154,"column":12},"end":{"line":154,"column":25},"skip":true},"43":{"start":{"line":155,"column":12},"end":{"line":155,"column":45},"skip":true},"44":{"start":{"line":158,"column":8},"end":{"line":167,"column":10},"skip":true},"45":{"start":{"line":165,"column":12},"end":{"line":165,"column":25},"skip":true},"46":{"start":{"line":166,"column":12},"end":{"line":166,"column":48},"skip":true},"47":{"start":{"line":169,"column":8},"end":{"line":178,"column":10},"skip":true},"48":{"start":{"line":176,"column":12},"end":{"line":176,"column":25},"skip":true},"49":{"start":{"line":177,"column":12},"end":{"line":177,"column":46},"skip":true},"50":{"start":{"line":180,"column":8},"end":{"line":189,"column":10},"skip":true},"51":{"start":{"line":187,"column":12},"end":{"line":187,"column":94},"skip":true},"52":{"start":{"line":188,"column":12},"end":{"line":188,"column":48},"skip":true},"53":{"start":{"line":192,"column":8},"end":{"line":192,"column":35},"skip":true},"54":{"start":{"line":193,"column":8},"end":{"line":193,"column":14},"skip":true}},"branchMap":{"1":{"line":25,"type":"binary-expr","locations":[{"start":{"line":25,"column":23},"end":{"line":25,"column":62}},{"start":{"line":26,"column":20},"end":{"line":26,"column":70}},{"start":{"line":27,"column":20},"end":{"line":27,"column":71}},{"start":{"line":28,"column":20},"end":{"line":28,"column":29}}]},"2":{"line":30,"type":"binary-expr","locations":[{"start":{"line":30,"column":23},"end":{"line":30,"column":37}},{"start":{"line":31,"column":20},"end":{"line":31,"column":61}},{"start":{"line":32,"column":20},"end":{"line":32,"column":70}},{"start":{"line":33,"column":20},"end":{"line":33,"column":26}}]},"3":{"line":37,"type":"cond-expr","locations":[{"start":{"line":38,"column":14},"end":{"line":38,"column":20}},{"start":{"line":39,"column":14},"end":{"line":39,"column":20}}]},"4":{"line":40,"type":"switch","locations":[{"start":{"line":42,"column":8},"end":{"line":47,"column":18}},{"start":{"line":49,"column":8},"end":{"line":52,"column":18}}]},"5":{"line":44,"type":"binary-expr","locations":[{"start":{"line":44,"column":16},"end":{"line":44,"column":44}},{"start":{"line":44,"column":48},"end":{"line":44,"column":66}}]},"6":{"line":50,"type":"binary-expr","locations":[{"start":{"line":50,"column":21},"end":{"line":50,"column":49}},{"start":{"line":50,"column":53},"end":{"line":50,"column":72}}]},"7":{"line":64,"type":"switch","locations":[{"start":{"line":69,"column":4},"end":{"line":70,"column":14}},{"start":{"line":75,"column":4},"end":{"line":76,"column":14}}]},"8":{"line":85,"type":"switch","locations":[{"start":{"line":90,"column":4},"end":{"line":105,"column":14}},{"start":{"line":111,"column":4},"end":{"line":193,"column":14},"skip":true}]},"9":{"line":91,"type":"binary-expr","locations":[{"start":{"line":91,"column":42},"end":{"line":91,"column":73}},{"start":{"line":91,"column":77},"end":{"line":99,"column":9}}]},"10":{"line":102,"type":"binary-expr","locations":[{"start":{"line":102,"column":18},"end":{"line":102,"column":32}},{"start":{"line":103,"column":12},"end":{"line":103,"column":53}},{"start":{"line":104,"column":12},"end":{"line":104,"column":61}}]},"11":{"line":112,"type":"binary-expr","locations":[{"start":{"line":112,"column":45},"end":{"line":112,"column":79},"skip":true},{"start":{"line":112,"column":83},"end":{"line":121,"column":9},"skip":true}]},"12":{"line":123,"type":"binary-expr","locations":[{"start":{"line":123,"column":42},"end":{"line":123,"column":73},"skip":true},{"start":{"line":123,"column":77},"end":{"line":136,"column":9},"skip":true}]},"13":{"line":138,"type":"binary-expr","locations":[{"start":{"line":138,"column":48},"end":{"line":138,"column":85},"skip":true},{"start":{"line":139,"column":12},"end":{"line":145,"column":13},"skip":true}]},"14":{"line":147,"type":"binary-expr","locations":[{"start":{"line":147,"column":42},"end":{"line":147,"column":73},"skip":true},{"start":{"line":147,"column":77},"end":{"line":156,"column":9},"skip":true}]},"15":{"line":158,"type":"binary-expr","locations":[{"start":{"line":158,"column":45},"end":{"line":158,"column":79},"skip":true},{"start":{"line":158,"column":83},"end":{"line":167,"column":9},"skip":true}]},"16":{"line":169,"type":"binary-expr","locations":[{"start":{"line":169,"column":43},"end":{"line":169,"column":75},"skip":true},{"start":{"line":169,"column":79},"end":{"line":178,"column":9},"skip":true}]},"17":{"line":180,"type":"binary-expr","locations":[{"start":{"line":180,"column":41},"end":{"line":180,"column":71},"skip":true},{"start":{"line":180,"column":75},"end":{"line":189,"column":9},"skip":true}]}},"code":["/* istanbul instrument in package npmtest_react_jade */","/*jslint","    bitwise: true,","    browser: true,","    maxerr: 8,","    maxlen: 96,","    node: true,","    nomen: true,","    regexp: true,","    stupid: true","*/","(function () {","    'use strict';","    var local;","","","","    // run shared js-env code - pre-init","    (function () {","        // init local","        local = {};","        // init modeJs","        local.modeJs = (function () {","            try {","                return typeof navigator.userAgent === 'string' &&","                    typeof document.querySelector('body') === 'object' &&","                    typeof XMLHttpRequest.prototype.open === 'function' &&","                    'browser';","            } catch (errorCaughtBrowser) {","                return module.exports &&","                    typeof process.versions.node === 'string' &&","                    typeof require('http').createServer === 'function' &&","                    'node';","            }","        }());","        // init global","        local.global = local.modeJs === 'browser'","            ? window","            : global;","        switch (local.modeJs) {","        // re-init local from window.local","        case 'browser':","            local = local.global.utility2.objectSetDefault(","                local.global.utility2_rollup || local.global.local,","                local.global.utility2","            );","            break;","        // re-init local from example.js","        case 'node':","            local = (local.global.utility2_rollup || require('utility2'))","                .requireReadme();","            break;","        }","        // export local","        local.global.local = local;","    }());","","","","    // run shared js-env code - function","    (function () {","        return;","    }());","    switch (local.modeJs) {","","","","    // run browser js-env code - function","    case 'browser':","        break;","","","","    // run node js-env code - function","    case 'node':","        break;","    }","","","","    // run shared js-env code - post-init","    (function () {","        return;","    }());","    switch (local.modeJs) {","","","","    // run browser js-env code - post-init","    case 'browser':","        local.testCase_browser_nullCase = local.testCase_browser_nullCase || function (","            options,","            onError","        ) {","        /*","         * this function will test browsers's null-case handling-behavior-behavior","         */","            onError(null, options);","        };","","        // run tests","        local.nop(local.modeTest &&","            document.querySelector('#testRunButton1') &&","            document.querySelector('#testRunButton1').click());","        break;","","","","    // run node js-env code - post-init","    /* istanbul ignore next */","    case 'node':","        local.testCase_buildApidoc_default = local.testCase_buildApidoc_default || function (","            options,","            onError","        ) {","        /*","         * this function will test buildApidoc's default handling-behavior-behavior","         */","            options = { modulePathList: module.paths };","            local.buildApidoc(options, onError);","        };","","        local.testCase_buildApp_default = local.testCase_buildApp_default || function (","            options,","            onError","        ) {","        /*","         * this function will test buildApp's default handling-behavior-behavior","         */","            local.testCase_buildReadme_default(options, local.onErrorThrow);","            local.testCase_buildLib_default(options, local.onErrorThrow);","            local.testCase_buildTest_default(options, local.onErrorThrow);","            local.testCase_buildCustomOrg_default(options, local.onErrorThrow);","            options = [];","            local.buildApp(options, onError);","        };","","        local.testCase_buildCustomOrg_default = local.testCase_buildCustomOrg_default ||","            function (options, onError) {","            /*","             * this function will test buildCustomOrg's default handling-behavior","             */","                options = {};","                local.buildCustomOrg(options, onError);","            };","","        local.testCase_buildLib_default = local.testCase_buildLib_default || function (","            options,","            onError","        ) {","        /*","         * this function will test buildLib's default handling-behavior","         */","            options = {};","            local.buildLib(options, onError);","        };","","        local.testCase_buildReadme_default = local.testCase_buildReadme_default || function (","            options,","            onError","        ) {","        /*","         * this function will test buildReadme's default handling-behavior-behavior","         */","            options = {};","            local.buildReadme(options, onError);","        };","","        local.testCase_buildTest_default = local.testCase_buildTest_default || function (","            options,","            onError","        ) {","        /*","         * this function will test buildTest's default handling-behavior","         */","            options = {};","            local.buildTest(options, onError);","        };","","        local.testCase_webpage_default = local.testCase_webpage_default || function (","            options,","            onError","        ) {","        /*","         * this function will test webpage's default handling-behavior","         */","            options = { modeCoverageMerge: true, url: local.serverLocalHost + '?modeTest=1' };","            local.browserTest(options, onError);","        };","","        // run test-server","        local.testRunServer(local);","        break;","    }","}());",""],"l":{"12":2,"14":2,"19":2,"21":2,"23":2,"24":2,"25":2,"30":1,"37":2,"40":2,"43":1,"47":1,"50":1,"52":1,"55":2,"61":2,"62":2,"64":2,"70":1,"76":1,"82":2,"83":2,"85":2,"91":1,"98":1,"102":1,"105":1,"112":1,"119":1,"120":1,"123":1,"130":1,"131":1,"132":1,"133":1,"134":1,"135":1,"138":1,"143":2,"144":2,"147":1,"154":2,"155":2,"158":1,"165":2,"166":2,"169":1,"176":2,"177":2,"180":1,"187":1,"188":1,"192":1,"193":1}},"/home/travis/build/npmtest/node-npmtest-react-jade/lib.npmtest_react_jade.js":{"path":"/home/travis/build/npmtest/node-npmtest-react-jade/lib.npmtest_react_jade.js","s":{"1":2,"2":2,"3":2,"4":2,"5":2,"6":2,"7":2,"8":1,"9":2,"10":2,"11":2,"12":2,"13":1,"14":1,"15":1,"16":1},"b":{"1":[2,1,1,1],"2":[1,1,1,1],"3":[1,1],"4":[2,2],"5":[1,1]},"f":{"1":2,"2":2,"3":2},"fnMap":{"1":{"name":"(anonymous_1)","line":12,"loc":{"start":{"line":12,"column":1},"end":{"line":12,"column":13}}},"2":{"name":"(anonymous_2)","line":19,"loc":{"start":{"line":19,"column":5},"end":{"line":19,"column":17}}},"3":{"name":"(anonymous_3)","line":23,"loc":{"start":{"line":23,"column":24},"end":{"line":23,"column":36}}}},"statementMap":{"1":{"start":{"line":12,"column":0},"end":{"line":53,"column":5}},"2":{"start":{"line":14,"column":4},"end":{"line":14,"column":14}},"3":{"start":{"line":19,"column":4},"end":{"line":52,"column":9}},"4":{"start":{"line":21,"column":8},"end":{"line":21,"column":19}},"5":{"start":{"line":23,"column":8},"end":{"line":35,"column":13}},"6":{"start":{"line":24,"column":12},"end":{"line":34,"column":13}},"7":{"start":{"line":25,"column":16},"end":{"line":28,"column":30}},"8":{"start":{"line":30,"column":16},"end":{"line":33,"column":27}},"9":{"start":{"line":37,"column":8},"end":{"line":39,"column":21}},"10":{"start":{"line":41,"column":8},"end":{"line":41,"column":54}},"11":{"start":{"line":43,"column":8},"end":{"line":43,"column":55}},"12":{"start":{"line":45,"column":8},"end":{"line":51,"column":9}},"13":{"start":{"line":46,"column":12},"end":{"line":46,"column":61}},"14":{"start":{"line":48,"column":12},"end":{"line":48,"column":35}},"15":{"start":{"line":49,"column":12},"end":{"line":49,"column":49}},"16":{"start":{"line":50,"column":12},"end":{"line":50,"column":43}}},"branchMap":{"1":{"line":25,"type":"binary-expr","locations":[{"start":{"line":25,"column":23},"end":{"line":25,"column":62}},{"start":{"line":26,"column":20},"end":{"line":26,"column":70}},{"start":{"line":27,"column":20},"end":{"line":27,"column":71}},{"start":{"line":28,"column":20},"end":{"line":28,"column":29}}]},"2":{"line":30,"type":"binary-expr","locations":[{"start":{"line":30,"column":23},"end":{"line":30,"column":37}},{"start":{"line":31,"column":20},"end":{"line":31,"column":61}},{"start":{"line":32,"column":20},"end":{"line":32,"column":70}},{"start":{"line":33,"column":20},"end":{"line":33,"column":26}}]},"3":{"line":37,"type":"cond-expr","locations":[{"start":{"line":38,"column":14},"end":{"line":38,"column":20}},{"start":{"line":39,"column":14},"end":{"line":39,"column":20}}]},"4":{"line":41,"type":"binary-expr","locations":[{"start":{"line":41,"column":16},"end":{"line":41,"column":44}},{"start":{"line":41,"column":48},"end":{"line":41,"column":53}}]},"5":{"line":45,"type":"if","locations":[{"start":{"line":45,"column":8},"end":{"line":45,"column":8}},{"start":{"line":45,"column":8},"end":{"line":45,"column":8}}]}},"code":["/* istanbul instrument in package npmtest_react_jade */","/*jslint","    bitwise: true,","    browser: true,","    maxerr: 8,","    maxlen: 96,","    node: true,","    nomen: true,","    regexp: true,","    stupid: true","*/","(function () {","    'use strict';","    var local;","","","","    // run shared js-env code - pre-init","    (function () {","        // init local","        local = {};","        // init modeJs","        local.modeJs = (function () {","            try {","                return typeof navigator.userAgent === 'string' &&","                    typeof document.querySelector('body') === 'object' &&","                    typeof XMLHttpRequest.prototype.open === 'function' &&","                    'browser';","            } catch (errorCaughtBrowser) {","                return module.exports &&","                    typeof process.versions.node === 'string' &&","                    typeof require('http').createServer === 'function' &&","                    'node';","            }","        }());","        // init global","        local.global = local.modeJs === 'browser'","            ? window","            : global;","        // init utility2_rollup","        local = local.global.utility2_rollup || local;","        // init lib","        local.local = local.npmtest_react_jade = local;","        // init exports","        if (local.modeJs === 'browser') {","            local.global.utility2_npmtest_react_jade = local;","        } else {","            module.exports = local;","            module.exports.__dirname = __dirname;","            module.exports.module = module;","        }","    }());","}());",""],"l":{"12":2,"14":2,"19":2,"21":2,"23":2,"24":2,"25":2,"30":1,"37":2,"41":2,"43":2,"45":2,"46":1,"48":1,"49":1,"50":1}},"/home/travis/build/npmtest/node-npmtest-react-jade/example.js":{"path":"/home/travis/build/npmtest/node-npmtest-react-jade/example.js","s":{"1":2,"2":2,"3":2,"4":2,"5":2,"6":2,"7":2,"8":1,"9":2,"10":2,"11":2,"12":2,"13":1,"14":2,"15":2,"16":2,"17":2,"18":2,"19":0,"20":2,"21":1,"22":1,"23":1,"24":1,"25":1,"26":0,"27":0,"28":1,"29":1,"30":2,"31":0,"32":0,"33":0,"34":1,"35":2,"36":2,"37":3,"38":3,"39":3,"40":3,"41":0,"42":3,"43":3,"44":3,"45":1,"46":3,"47":1,"48":1,"49":1,"50":1,"51":1,"52":1,"53":1,"54":1,"55":1,"56":1,"57":0,"58":1,"59":6,"60":6,"61":1,"62":2,"63":0,"64":2,"65":1,"66":1,"67":0,"68":0,"69":0,"70":0,"71":0,"72":0,"73":0,"74":0,"75":0,"76":0,"77":0,"78":0,"79":0,"80":0,"81":0,"82":0,"83":0},"b":{"1":[2,1,1,1],"2":[1,1,1,1],"3":[1,1],"4":[2,2],"5":[1,1],"6":[1,1],"7":[2,0],"8":[2,1,1,1,1,1],"9":[0,2,0],"10":[1,1],"11":[2,1,1],"12":[1,0],"13":[0,2],"14":[2,0,0,0,0,0,0],"15":[0,3],"16":[3,0],"17":[1,1],"18":[0,1],"19":[1,2,0,2],"20":[1,0],"21":[1,1],"22":[0,0],"23":[0,0],"24":[0,0],"25":[0,0],"26":[0,0],"27":[0,0],"28":[0,0]},"f":{"1":2,"2":2,"3":2,"4":2,"5":2,"6":2,"7":3,"8":3,"9":3,"10":1,"11":6,"12":0},"fnMap":{"1":{"name":"(anonymous_1)","line":26,"loc":{"start":{"line":26,"column":1},"end":{"line":26,"column":13}}},"2":{"name":"(anonymous_2)","line":33,"loc":{"start":{"line":33,"column":5},"end":{"line":33,"column":17}}},"3":{"name":"(anonymous_3)","line":37,"loc":{"start":{"line":37,"column":24},"end":{"line":37,"column":36}}},"4":{"name":"(anonymous_4)","line":69,"loc":{"start":{"line":69,"column":31},"end":{"line":69,"column":48}},"skip":true},"5":{"name":"(anonymous_5)","line":78,"loc":{"start":{"line":78,"column":26},"end":{"line":78,"column":45}},"skip":true},"6":{"name":"(anonymous_6)","line":123,"loc":{"start":{"line":123,"column":33},"end":{"line":123,"column":48}},"skip":true},"7":{"name":"(anonymous_7)","line":125,"loc":{"start":{"line":125,"column":27},"end":{"line":125,"column":39}},"skip":true},"8":{"name":"(anonymous_8)","line":133,"loc":{"start":{"line":133,"column":59},"end":{"line":133,"column":74}},"skip":true},"9":{"name":"(anonymous_9)","line":143,"loc":{"start":{"line":143,"column":45},"end":{"line":143,"column":62}},"skip":true},"10":{"name":"(anonymous_10)","line":144,"loc":{"start":{"line":144,"column":73},"end":{"line":144,"column":92}},"skip":true},"11":{"name":"(anonymous_11)","line":272,"loc":{"start":{"line":272,"column":51},"end":{"line":272,"column":77}},"skip":true},"12":{"name":"(anonymous_12)","line":315,"loc":{"start":{"line":315,"column":32},"end":{"line":315,"column":61}},"skip":true}},"statementMap":{"1":{"start":{"line":26,"column":0},"end":{"line":326,"column":5}},"2":{"start":{"line":28,"column":4},"end":{"line":28,"column":14}},"3":{"start":{"line":33,"column":4},"end":{"line":60,"column":9}},"4":{"start":{"line":35,"column":8},"end":{"line":35,"column":19}},"5":{"start":{"line":37,"column":8},"end":{"line":49,"column":13}},"6":{"start":{"line":38,"column":12},"end":{"line":48,"column":13}},"7":{"start":{"line":39,"column":16},"end":{"line":42,"column":30}},"8":{"start":{"line":44,"column":16},"end":{"line":47,"column":27}},"9":{"start":{"line":51,"column":8},"end":{"line":53,"column":21}},"10":{"start":{"line":55,"column":8},"end":{"line":57,"column":45}},"11":{"start":{"line":59,"column":8},"end":{"line":59,"column":35}},"12":{"start":{"line":61,"column":4},"end":{"line":325,"column":5}},"13":{"start":{"line":69,"column":8},"end":{"line":121,"column":10},"skip":true},"14":{"start":{"line":70,"column":12},"end":{"line":88,"column":13},"skip":true},"15":{"start":{"line":76,"column":16},"end":{"line":87,"column":19},"skip":true},"16":{"start":{"line":79,"column":20},"end":{"line":86,"column":21},"skip":true},"17":{"start":{"line":82,"column":24},"end":{"line":82,"column":43},"skip":true},"18":{"start":{"line":83,"column":24},"end":{"line":83,"column":30},"skip":true},"19":{"start":{"line":85,"column":24},"end":{"line":85,"column":49},"skip":true},"20":{"start":{"line":89,"column":12},"end":{"line":107,"column":13},"skip":true},"21":{"start":{"line":92,"column":16},"end":{"line":102,"column":17},"skip":true},"22":{"start":{"line":93,"column":20},"end":{"line":93,"column":86},"skip":true},"23":{"start":{"line":94,"column":20},"end":{"line":95,"column":45},"skip":true},"24":{"start":{"line":96,"column":20},"end":{"line":96,"column":42},"skip":true},"25":{"start":{"line":97,"column":20},"end":{"line":97,"column":48},"skip":true},"26":{"start":{"line":100,"column":20},"end":{"line":100,"column":85},"skip":true},"27":{"start":{"line":101,"column":20},"end":{"line":101,"column":96},"skip":true},"28":{"start":{"line":103,"column":16},"end":{"line":103,"column":22},"skip":true},"29":{"start":{"line":106,"column":16},"end":{"line":106,"column":22},"skip":true},"30":{"start":{"line":108,"column":12},"end":{"line":120,"column":13},"skip":true},"31":{"start":{"line":114,"column":16},"end":{"line":119,"column":17},"skip":true},"32":{"start":{"line":116,"column":20},"end":{"line":116,"column":78},"skip":true},"33":{"start":{"line":118,"column":20},"end":{"line":118,"column":47},"skip":true},"34":{"start":{"line":123,"column":8},"end":{"line":141,"column":11},"skip":true},"35":{"start":{"line":124,"column":12},"end":{"line":124,"column":54},"skip":true},"36":{"start":{"line":125,"column":12},"end":{"line":140,"column":14},"skip":true},"37":{"start":{"line":126,"column":16},"end":{"line":126,"column":28},"skip":true},"38":{"start":{"line":127,"column":16},"end":{"line":127,"column":69},"skip":true},"39":{"start":{"line":128,"column":16},"end":{"line":128,"column":75},"skip":true},"40":{"start":{"line":129,"column":16},"end":{"line":131,"column":17},"skip":true},"41":{"start":{"line":130,"column":20},"end":{"line":130,"column":27},"skip":true},"42":{"start":{"line":133,"column":16},"end":{"line":137,"column":36},"skip":true},"43":{"start":{"line":134,"column":20},"end":{"line":136,"column":55},"skip":true},"44":{"start":{"line":139,"column":16},"end":{"line":139,"column":57},"skip":true},"45":{"start":{"line":143,"column":8},"end":{"line":147,"column":11},"skip":true},"46":{"start":{"line":144,"column":12},"end":{"line":146,"column":15},"skip":true},"47":{"start":{"line":145,"column":16},"end":{"line":145,"column":70},"skip":true},"48":{"start":{"line":149,"column":8},"end":{"line":149,"column":31},"skip":true},"49":{"start":{"line":150,"column":8},"end":{"line":150,"column":14},"skip":true},"50":{"start":{"line":158,"column":8},"end":{"line":158,"column":31},"skip":true},"51":{"start":{"line":160,"column":8},"end":{"line":160,"column":33},"skip":true},"52":{"start":{"line":161,"column":8},"end":{"line":161,"column":37},"skip":true},"53":{"start":{"line":162,"column":8},"end":{"line":162,"column":35},"skip":true},"54":{"start":{"line":164,"column":8},"end":{"line":164,"column":50},"skip":true},"55":{"start":{"line":166,"column":8},"end":{"line":256,"column":2},"skip":true},"56":{"start":{"line":258,"column":8},"end":{"line":286,"column":9},"skip":true},"57":{"start":{"line":259,"column":12},"end":{"line":269,"column":14},"skip":true},"58":{"start":{"line":271,"column":12},"end":{"line":285,"column":19},"skip":true},"59":{"start":{"line":274,"column":20},"end":{"line":274,"column":35},"skip":true},"60":{"start":{"line":275,"column":20},"end":{"line":284,"column":21},"skip":true},"61":{"start":{"line":277,"column":24},"end":{"line":277,"column":64},"skip":true},"62":{"start":{"line":279,"column":24},"end":{"line":279,"column":40},"skip":true},"63":{"start":{"line":281,"column":24},"end":{"line":281,"column":40},"skip":true},"64":{"start":{"line":283,"column":24},"end":{"line":283,"column":39},"skip":true},"65":{"start":{"line":288,"column":8},"end":{"line":290,"column":9},"skip":true},"66":{"start":{"line":289,"column":12},"end":{"line":289,"column":18},"skip":true},"67":{"start":{"line":291,"column":8},"end":{"line":293,"column":54},"skip":true},"68":{"start":{"line":296,"column":8},"end":{"line":301,"column":37},"skip":true},"69":{"start":{"line":303,"column":8},"end":{"line":303,"column":82},"skip":true},"70":{"start":{"line":306,"column":8},"end":{"line":308,"column":9},"skip":true},"71":{"start":{"line":307,"column":12},"end":{"line":307,"column":82},"skip":true},"72":{"start":{"line":310,"column":8},"end":{"line":312,"column":9},"skip":true},"73":{"start":{"line":311,"column":12},"end":{"line":311,"column":18},"skip":true},"74":{"start":{"line":313,"column":8},"end":{"line":313,"column":54},"skip":true},"75":{"start":{"line":314,"column":8},"end":{"line":314,"column":69},"skip":true},"76":{"start":{"line":315,"column":8},"end":{"line":323,"column":36},"skip":true},"77":{"start":{"line":316,"column":12},"end":{"line":316,"column":61},"skip":true},"78":{"start":{"line":317,"column":12},"end":{"line":320,"column":13},"skip":true},"79":{"start":{"line":318,"column":16},"end":{"line":318,"column":75},"skip":true},"80":{"start":{"line":319,"column":16},"end":{"line":319,"column":23},"skip":true},"81":{"start":{"line":321,"column":12},"end":{"line":321,"column":38},"skip":true},"82":{"start":{"line":322,"column":12},"end":{"line":322,"column":27},"skip":true},"83":{"start":{"line":324,"column":8},"end":{"line":324,"column":14},"skip":true}},"branchMap":{"1":{"line":39,"type":"binary-expr","locations":[{"start":{"line":39,"column":23},"end":{"line":39,"column":62}},{"start":{"line":40,"column":20},"end":{"line":40,"column":70}},{"start":{"line":41,"column":20},"end":{"line":41,"column":71}},{"start":{"line":42,"column":20},"end":{"line":42,"column":29}}]},"2":{"line":44,"type":"binary-expr","locations":[{"start":{"line":44,"column":23},"end":{"line":44,"column":37}},{"start":{"line":45,"column":20},"end":{"line":45,"column":61}},{"start":{"line":46,"column":20},"end":{"line":46,"column":70}},{"start":{"line":47,"column":20},"end":{"line":47,"column":26}}]},"3":{"line":51,"type":"cond-expr","locations":[{"start":{"line":52,"column":14},"end":{"line":52,"column":20}},{"start":{"line":53,"column":14},"end":{"line":53,"column":20}}]},"4":{"line":55,"type":"binary-expr","locations":[{"start":{"line":55,"column":16},"end":{"line":55,"column":44}},{"start":{"line":55,"column":49},"end":{"line":57,"column":43}}]},"5":{"line":55,"type":"cond-expr","locations":[{"start":{"line":56,"column":14},"end":{"line":56,"column":54}},{"start":{"line":57,"column":14},"end":{"line":57,"column":43}}]},"6":{"line":61,"type":"switch","locations":[{"start":{"line":68,"column":4},"end":{"line":150,"column":14},"skip":true},{"start":{"line":156,"column":4},"end":{"line":324,"column":14},"skip":true}]},"7":{"line":70,"type":"if","locations":[{"start":{"line":70,"column":12},"end":{"line":70,"column":12},"skip":true},{"start":{"line":70,"column":12},"end":{"line":70,"column":12},"skip":true}]},"8":{"line":70,"type":"binary-expr","locations":[{"start":{"line":70,"column":16},"end":{"line":70,"column":22},"skip":true},{"start":{"line":70,"column":27},"end":{"line":70,"column":32},"skip":true},{"start":{"line":71,"column":20},"end":{"line":71,"column":39},"skip":true},{"start":{"line":72,"column":20},"end":{"line":72,"column":49},"skip":true},{"start":{"line":73,"column":20},"end":{"line":73,"column":58},"skip":true},{"start":{"line":74,"column":20},"end":{"line":74,"column":69},"skip":true}]},"9":{"line":79,"type":"switch","locations":[{"start":{"line":80,"column":20},"end":{"line":80,"column":33},"skip":true},{"start":{"line":81,"column":20},"end":{"line":83,"column":30},"skip":true},{"start":{"line":84,"column":20},"end":{"line":85,"column":49},"skip":true}]},"10":{"line":89,"type":"switch","locations":[{"start":{"line":90,"column":12},"end":{"line":103,"column":22},"skip":true},{"start":{"line":105,"column":12},"end":{"line":106,"column":22},"skip":true}]},"11":{"line":89,"type":"binary-expr","locations":[{"start":{"line":89,"column":20},"end":{"line":89,"column":25},"skip":true},{"start":{"line":89,"column":29},"end":{"line":89,"column":48},"skip":true},{"start":{"line":89,"column":52},"end":{"line":89,"column":74},"skip":true}]},"12":{"line":92,"type":"if","locations":[{"start":{"line":92,"column":16},"end":{"line":92,"column":16},"skip":true},{"start":{"line":92,"column":16},"end":{"line":92,"column":16},"skip":true}]},"13":{"line":108,"type":"if","locations":[{"start":{"line":108,"column":12},"end":{"line":108,"column":12},"skip":true},{"start":{"line":108,"column":12},"end":{"line":108,"column":12},"skip":true}]},"14":{"line":108,"type":"binary-expr","locations":[{"start":{"line":108,"column":16},"end":{"line":108,"column":61},"skip":true},{"start":{"line":108,"column":66},"end":{"line":108,"column":72},"skip":true},{"start":{"line":108,"column":77},"end":{"line":108,"column":82},"skip":true},{"start":{"line":109,"column":20},"end":{"line":109,"column":39},"skip":true},{"start":{"line":110,"column":20},"end":{"line":110,"column":49},"skip":true},{"start":{"line":111,"column":20},"end":{"line":111,"column":58},"skip":true},{"start":{"line":112,"column":20},"end":{"line":112,"column":68},"skip":true}]},"15":{"line":129,"type":"if","locations":[{"start":{"line":129,"column":16},"end":{"line":129,"column":16},"skip":true},{"start":{"line":129,"column":16},"end":{"line":129,"column":16},"skip":true}]},"16":{"line":134,"type":"cond-expr","locations":[{"start":{"line":135,"column":26},"end":{"line":135,"column":29},"skip":true},{"start":{"line":136,"column":26},"end":{"line":136,"column":54},"skip":true}]},"17":{"line":164,"type":"binary-expr","locations":[{"start":{"line":164,"column":27},"end":{"line":164,"column":43},"skip":true},{"start":{"line":164,"column":47},"end":{"line":164,"column":49},"skip":true}]},"18":{"line":258,"type":"if","locations":[{"start":{"line":258,"column":8},"end":{"line":258,"column":8},"skip":true},{"start":{"line":258,"column":8},"end":{"line":258,"column":8},"skip":true}]},"19":{"line":275,"type":"switch","locations":[{"start":{"line":276,"column":20},"end":{"line":277,"column":64},"skip":true},{"start":{"line":278,"column":20},"end":{"line":279,"column":40},"skip":true},{"start":{"line":280,"column":20},"end":{"line":281,"column":40},"skip":true},{"start":{"line":282,"column":20},"end":{"line":283,"column":39},"skip":true}]},"20":{"line":288,"type":"if","locations":[{"start":{"line":288,"column":8},"end":{"line":288,"column":8},"skip":true},{"start":{"line":288,"column":8},"end":{"line":288,"column":8},"skip":true}]},"21":{"line":288,"type":"binary-expr","locations":[{"start":{"line":288,"column":12},"end":{"line":288,"column":40},"skip":true},{"start":{"line":288,"column":44},"end":{"line":288,"column":67},"skip":true}]},"22":{"line":292,"type":"binary-expr","locations":[{"start":{"line":292,"column":12},"end":{"line":292,"column":50},"skip":true},{"start":{"line":293,"column":12},"end":{"line":293,"column":53},"skip":true}]},"23":{"line":297,"type":"binary-expr","locations":[{"start":{"line":297,"column":12},"end":{"line":297,"column":68},"skip":true},{"start":{"line":298,"column":12},"end":{"line":301,"column":36},"skip":true}]},"24":{"line":303,"type":"binary-expr","locations":[{"start":{"line":303,"column":43},"end":{"line":303,"column":75},"skip":true},{"start":{"line":303,"column":79},"end":{"line":303,"column":81},"skip":true}]},"25":{"line":306,"type":"if","locations":[{"start":{"line":306,"column":8},"end":{"line":306,"column":8},"skip":true},{"start":{"line":306,"column":8},"end":{"line":306,"column":8},"skip":true}]},"26":{"line":310,"type":"if","locations":[{"start":{"line":310,"column":8},"end":{"line":310,"column":8},"skip":true},{"start":{"line":310,"column":8},"end":{"line":310,"column":8},"skip":true}]},"27":{"line":313,"type":"binary-expr","locations":[{"start":{"line":313,"column":27},"end":{"line":313,"column":43},"skip":true},{"start":{"line":313,"column":47},"end":{"line":313,"column":53},"skip":true}]},"28":{"line":317,"type":"if","locations":[{"start":{"line":317,"column":12},"end":{"line":317,"column":12},"skip":true},{"start":{"line":317,"column":12},"end":{"line":317,"column":12},"skip":true}]}},"code":["/*","example.js","","quickstart example","","instruction","    1. save this script as example.js","    2. run the shell command:","        $ npm install npmtest-react-jade && PORT=8081 node example.js","    3. play with the browser-demo on http://127.0.0.1:8081","*/","","","","/* istanbul instrument in package npmtest_react_jade */","/*jslint","    bitwise: true,","    browser: true,","    maxerr: 8,","    maxlen: 96,","    node: true,","    nomen: true,","    regexp: true,","    stupid: true","*/","(function () {","    'use strict';","    var local;","","","","    // run shared js-env code - pre-init","    (function () {","        // init local","        local = {};","        // init modeJs","        local.modeJs = (function () {","            try {","                return typeof navigator.userAgent === 'string' &&","                    typeof document.querySelector('body') === 'object' &&","                    typeof XMLHttpRequest.prototype.open === 'function' &&","                    'browser';","            } catch (errorCaughtBrowser) {","                return module.exports &&","                    typeof process.versions.node === 'string' &&","                    typeof require('http').createServer === 'function' &&","                    'node';","            }","        }());","        // init global","        local.global = local.modeJs === 'browser'","            ? window","            : global;","        // init utility2_rollup","        local = local.global.utility2_rollup || (local.modeJs === 'browser'","            ? local.global.utility2_npmtest_react_jade","            : global.utility2_moduleExports);","        // export local","        local.global.local = local;","    }());","    switch (local.modeJs) {","","","","    // post-init","    // run browser js-env code - post-init","    /* istanbul ignore next */","    case 'browser':","        local.testRunBrowser = function (event) {","            if (!event || (event &&","                    event.currentTarget &&","                    event.currentTarget.className &&","                    event.currentTarget.className.includes &&","                    event.currentTarget.className.includes('onreset'))) {","                // reset output","                Array.from(","                    document.querySelectorAll('body > .resettable')","                ).forEach(function (element) {","                    switch (element.tagName) {","                    case 'INPUT':","                    case 'TEXTAREA':","                        element.value = '';","                        break;","                    default:","                        element.textContent = '';","                    }","                });","            }","            switch (event && event.currentTarget && event.currentTarget.id) {","            case 'testRunButton1':","                // show tests","                if (document.querySelector('#testReportDiv1').style.display === 'none') {","                    document.querySelector('#testReportDiv1').style.display = 'block';","                    document.querySelector('#testRunButton1').textContent =","                        'hide internal test';","                    local.modeTest = true;","                    local.testRunDefault(local);","                // hide tests","                } else {","                    document.querySelector('#testReportDiv1').style.display = 'none';","                    document.querySelector('#testRunButton1').textContent = 'run internal test';","                }","                break;","            // custom-case","            default:","                break;","            }","            if (document.querySelector('#inputTextareaEval1') && (!event || (event &&","                    event.currentTarget &&","                    event.currentTarget.className &&","                    event.currentTarget.className.includes &&","                    event.currentTarget.className.includes('oneval')))) {","                // try to eval input-code","                try {","                    /*jslint evil: true*/","                    eval(document.querySelector('#inputTextareaEval1').value);","                } catch (errorCaught) {","                    console.error(errorCaught);","                }","            }","        };","        // log stderr and stdout to #outputTextareaStdout1","        ['error', 'log'].forEach(function (key) {","            console[key + '_original'] = console[key];","            console[key] = function () {","                var element;","                console[key + '_original'].apply(console, arguments);","                element = document.querySelector('#outputTextareaStdout1');","                if (!element) {","                    return;","                }","                // append text to #outputTextareaStdout1","                element.value += Array.from(arguments).map(function (arg) {","                    return typeof arg === 'string'","                        ? arg","                        : JSON.stringify(arg, null, 4);","                }).join(' ') + '\\n';","                // scroll textarea to bottom","                element.scrollTop = element.scrollHeight;","            };","        });","        // init event-handling","        ['change', 'click', 'keyup'].forEach(function (event) {","            Array.from(document.querySelectorAll('.on' + event)).forEach(function (element) {","                element.addEventListener(event, local.testRunBrowser);","            });","        });","        // run tests","        local.testRunBrowser();","        break;","","","","    // run node js-env code - post-init","    /* istanbul ignore next */","    case 'node':","        // export local","        module.exports = local;","        // require modules","        local.fs = require('fs');","        local.http = require('http');","        local.url = require('url');","        // init assets","        local.assetsDict = local.assetsDict || {};","        /* jslint-ignore-begin */","        local.assetsDict['/assets.index.template.html'] = '\\","<!doctype html>\\n\\","<html lang=\"en\">\\n\\","<head>\\n\\","<meta charset=\"UTF-8\">\\n\\","<meta name=\"viewport\" content=\"width=device-width, initial-scale=1\">\\n\\","<title>{{env.npm_package_name}} (v{{env.npm_package_version}})</title>\\n\\","<style>\\n\\","/*csslint\\n\\","    box-sizing: false,\\n\\","    universal-selector: false\\n\\","*/\\n\\","* {\\n\\","    box-sizing: border-box;\\n\\","}\\n\\","body {\\n\\","    background: #dde;\\n\\","    font-family: Arial, Helvetica, sans-serif;\\n\\","    margin: 2rem;\\n\\","}\\n\\","body > * {\\n\\","    margin-bottom: 1rem;\\n\\","}\\n\\",".utility2FooterDiv {\\n\\","    margin-top: 20px;\\n\\","    text-align: center;\\n\\","}\\n\\","</style>\\n\\","<style>\\n\\","/*csslint\\n\\","*/\\n\\","textarea {\\n\\","    font-family: monospace;\\n\\","    height: 10rem;\\n\\","    width: 100%;\\n\\","}\\n\\","textarea[readonly] {\\n\\","    background: #ddd;\\n\\","}\\n\\","</style>\\n\\","</head>\\n\\","<body>\\n\\","<!-- utility2-comment\\n\\","<div id=\"ajaxProgressDiv1\" style=\"background: #d00; height: 2px; left: 0; margin: 0; padding: 0; position: fixed; top: 0; transition: background 0.5s, width 1.5s; width: 25%;\"></div>\\n\\","utility2-comment -->\\n\\","<h1>\\n\\","<!-- utility2-comment\\n\\","    <a\\n\\","        {{#if env.npm_package_homepage}}\\n\\","        href=\"{{env.npm_package_homepage}}\"\\n\\","        {{/if env.npm_package_homepage}}\\n\\","        target=\"_blank\"\\n\\","    >\\n\\","utility2-comment -->\\n\\","        {{env.npm_package_name}} (v{{env.npm_package_version}})\\n\\","<!-- utility2-comment\\n\\","    </a>\\n\\","utility2-comment -->\\n\\","</h1>\\n\\","<h3>{{env.npm_package_description}}</h3>\\n\\","<!-- utility2-comment\\n\\","<h4><a download href=\"assets.app.js\">download standalone app</a></h4>\\n\\","<button class=\"onclick onreset\" id=\"testRunButton1\">run internal test</button><br>\\n\\","<div id=\"testReportDiv1\" style=\"display: none;\"></div>\\n\\","utility2-comment -->\\n\\","\\n\\","\\n\\","\\n\\","<label>stderr and stdout</label>\\n\\","<textarea class=\"resettable\" id=\"outputTextareaStdout1\" readonly></textarea>\\n\\","<!-- utility2-comment\\n\\","{{#if isRollup}}\\n\\","<script src=\"assets.app.js\"></script>\\n\\","{{#unless isRollup}}\\n\\","utility2-comment -->\\n\\","<script src=\"assets.utility2.rollup.js\"></script>\\n\\","<script src=\"jsonp.utility2._stateInit?callback=window.utility2._stateInit\"></script>\\n\\","<script src=\"assets.npmtest_react_jade.rollup.js\"></script>\\n\\","<script src=\"assets.example.js\"></script>\\n\\","<script src=\"assets.test.js\"></script>\\n\\","<!-- utility2-comment\\n\\","{{/if isRollup}}\\n\\","utility2-comment -->\\n\\","<div class=\"utility2FooterDiv\">\\n\\","    [ this app was created with\\n\\","    <a href=\"https://github.com/kaizhu256/node-utility2\" target=\"_blank\">utility2</a>\\n\\","    ]\\n\\","</div>\\n\\","</body>\\n\\","</html>\\n\\","';","        /* jslint-ignore-end */","        if (local.templateRender) {","            local.assetsDict['/'] = local.templateRender(","                local.assetsDict['/assets.index.template.html'],","                {","                    env: local.objectSetDefault(local.env, {","                        npm_package_description: 'the greatest app in the world!',","                        npm_package_name: 'my-app',","                        npm_package_nameAlias: 'my_app',","                        npm_package_version: '0.0.1'","                    })","                }","            );","        } else {","            local.assetsDict['/'] = local.assetsDict['/assets.index.template.html']","                .replace((/\\{\\{env\\.(\\w+?)\\}\\}/g), function (match0, match1) {","                    // jslint-hack","                    String(match0);","                    switch (match1) {","                    case 'npm_package_description':","                        return 'the greatest app in the world!';","                    case 'npm_package_name':","                        return 'my-app';","                    case 'npm_package_nameAlias':","                        return 'my_app';","                    case 'npm_package_version':","                        return '0.0.1';","                    }","                });","        }","        // run the cli","        if (local.global.utility2_rollup || module !== require.main) {","            break;","        }","        local.assetsDict['/assets.example.js'] =","            local.assetsDict['/assets.example.js'] ||","            local.fs.readFileSync(__filename, 'utf8');","        // bug-workaround - long $npm_package_buildCustomOrg","        /* jslint-ignore-begin */","        local.assetsDict['/assets.npmtest_react_jade.rollup.js'] =","            local.assetsDict['/assets.npmtest_react_jade.rollup.js'] ||","            local.fs.readFileSync(","                local.npmtest_react_jade.__dirname + '/lib.npmtest_react_jade.js',","                'utf8'","            ).replace((/^#!/), '//');","        /* jslint-ignore-end */","        local.assetsDict['/favicon.ico'] = local.assetsDict['/favicon.ico'] || '';","        // if $npm_config_timeout_exit exists,","        // then exit this process after $npm_config_timeout_exit ms","        if (Number(process.env.npm_config_timeout_exit)) {","            setTimeout(process.exit, Number(process.env.npm_config_timeout_exit));","        }","        // start server","        if (local.global.utility2_serverHttp1) {","            break;","        }","        process.env.PORT = process.env.PORT || '8081';","        console.error('server starting on port ' + process.env.PORT);","        local.http.createServer(function (request, response) {","            request.urlParsed = local.url.parse(request.url);","            if (local.assetsDict[request.urlParsed.pathname] !== undefined) {","                response.end(local.assetsDict[request.urlParsed.pathname]);","                return;","            }","            response.statusCode = 404;","            response.end();","        }).listen(process.env.PORT);","        break;","    }","}());",""],"l":{"26":2,"28":2,"33":2,"35":2,"37":2,"38":2,"39":2,"44":1,"51":2,"55":2,"59":2,"61":2,"69":1,"70":2,"76":2,"79":2,"82":2,"83":2,"85":1,"89":2,"92":1,"93":1,"94":1,"96":1,"97":1,"100":1,"101":1,"103":1,"106":1,"108":2,"114":1,"116":1,"118":1,"123":1,"124":2,"125":2,"126":3,"127":3,"128":3,"129":3,"130":1,"133":3,"134":3,"139":3,"143":1,"144":3,"145":1,"149":1,"150":1,"158":1,"160":1,"161":1,"162":1,"164":1,"166":1,"258":1,"259":1,"271":1,"274":6,"275":6,"277":1,"279":2,"281":1,"283":2,"288":1,"289":1,"291":1,"296":1,"303":1,"306":1,"307":1,"310":1,"311":1,"313":1,"314":1,"315":1,"316":1,"317":1,"318":1,"319":1,"321":1,"322":1,"324":1}},"/home/travis/build/npmtest/node-npmtest-react-jade/node_modules/react-jade/index.js":{"path":"/home/travis/build/npmtest/node-npmtest-react-jade/node_modules/react-jade/index.js","s":{"1":1,"2":1,"3":1,"4":1,"5":1,"6":1,"7":1,"8":1,"9":0,"10":0,"11":0,"12":1,"13":1,"14":1,"15":1},"b":{"1":[0,0]},"f":{"1":0},"fnMap":{"1":{"name":"browserifySupport","line":11,"loc":{"start":{"line":11,"column":0},"end":{"line":11,"column":43}}}},"statementMap":{"1":{"start":{"line":3,"column":0},"end":{"line":3,"column":70}},"2":{"start":{"line":4,"column":0},"end":{"line":4,"column":45}},"3":{"start":{"line":5,"column":0},"end":{"line":5,"column":39}},"4":{"start":{"line":6,"column":0},"end":{"line":6,"column":48}},"5":{"start":{"line":7,"column":0},"end":{"line":7,"column":52}},"6":{"start":{"line":8,"column":0},"end":{"line":8,"column":61}},"7":{"start":{"line":10,"column":0},"end":{"line":10,"column":47}},"8":{"start":{"line":11,"column":0},"end":{"line":17,"column":1}},"9":{"start":{"line":12,"column":2},"end":{"line":16,"column":3}},"10":{"start":{"line":13,"column":4},"end":{"line":13,"column":35}},"11":{"start":{"line":15,"column":4},"end":{"line":15,"column":45}},"12":{"start":{"line":19,"column":0},"end":{"line":19,"column":26}},"13":{"start":{"line":20,"column":0},"end":{"line":20,"column":34}},"14":{"start":{"line":21,"column":0},"end":{"line":21,"column":38}},"15":{"start":{"line":22,"column":0},"end":{"line":22,"column":46}}},"branchMap":{"1":{"line":12,"type":"if","locations":[{"start":{"line":12,"column":2},"end":{"line":12,"column":2}},{"start":{"line":12,"column":2},"end":{"line":12,"column":2}}]}},"code":["'use strict';","","var isTemplateLiteral = require('./lib/utils/is-template-literal.js');","var browserify = require('./lib/browserify');","var compile = require('./lib/compile');","var compileFile = require('./lib/compile-file');","var compileClient = require('./lib/compile-client');","var compileFileClient = require('./lib/compile-file-client');","","exports = (module.exports = browserifySupport);","function browserifySupport(options, extra) {","  if (isTemplateLiteral(options)) {","    return compile(options.raw[0]);","  } else {","    return browserify.apply(this, arguments);","  }","}","","exports.compile = compile;","exports.compileFile = compileFile;","exports.compileClient = compileClient;","exports.compileFileClient = compileFileClient;",""],"l":{"3":1,"4":1,"5":1,"6":1,"7":1,"8":1,"10":1,"11":1,"12":0,"13":0,"15":0,"19":1,"20":1,"21":1,"22":1}},"/home/travis/build/npmtest/node-npmtest-react-jade/node_modules/react-jade/lib/utils/is-template-literal.js":{"path":"/home/travis/build/npmtest/node-npmtest-react-jade/node_modules/react-jade/lib/utils/is-template-literal.js","s":{"1":1,"2":1,"3":0},"b":{"1":[0,0,0,0,0,0]},"f":{"1":0},"fnMap":{"1":{"name":"isTemplateLiteral","line":4,"loc":{"start":{"line":4,"column":0},"end":{"line":4,"column":32}}}},"statementMap":{"1":{"start":{"line":3,"column":0},"end":{"line":3,"column":35}},"2":{"start":{"line":4,"column":0},"end":{"line":8,"column":1}},"3":{"start":{"line":5,"column":2},"end":{"line":7,"column":59}}},"branchMap":{"1":{"line":5,"type":"binary-expr","locations":[{"start":{"line":5,"column":9},"end":{"line":5,"column":12}},{"start":{"line":5,"column":16},"end":{"line":5,"column":39}},{"start":{"line":6,"column":4},"end":{"line":6,"column":11}},{"start":{"line":6,"column":15},"end":{"line":6,"column":42}},{"start":{"line":7,"column":4},"end":{"line":7,"column":24}},{"start":{"line":7,"column":28},"end":{"line":7,"column":58}}]}},"code":["'use strict';","","module.exports = isTemplateLiteral;","function isTemplateLiteral(str) {","  return str && typeof str === 'object' &&","    str.raw && typeof str.raw === 'object' &&","    str.raw.length === 1 && typeof str.raw[0] === 'string';","}",""],"l":{"3":1,"4":1,"5":0}},"/home/travis/build/npmtest/node-npmtest-react-jade/node_modules/react-jade/lib/browserify.js":{"path":"/home/travis/build/npmtest/node-npmtest-react-jade/node_modules/react-jade/lib/browserify.js","s":{"1":1,"2":1,"3":1,"4":1,"5":1,"6":1,"7":1,"8":1,"9":1,"10":1,"11":1,"12":1,"13":0,"14":0,"15":0,"16":0,"17":0,"18":0,"19":0,"20":0,"21":0,"22":0,"23":0,"24":0,"25":0,"26":1,"27":0,"28":0,"29":0,"30":0,"31":0,"32":0,"33":0,"34":0,"35":0,"36":0,"37":0,"38":0,"39":0,"40":1,"41":1,"42":0,"43":0,"44":0,"45":0,"46":1,"47":1,"48":0,"49":0,"50":0,"51":1,"52":0,"53":0,"54":0,"55":0,"56":0,"57":0,"58":0,"59":1,"60":0,"61":0,"62":0,"63":0,"64":0,"65":0,"66":0,"67":0,"68":0,"69":1,"70":1,"71":0,"72":0,"73":0,"74":0,"75":0,"76":0,"77":0,"78":0,"79":0,"80":0,"81":0,"82":0,"83":0,"84":1,"85":0,"86":1,"87":0,"88":0,"89":1,"90":0,"91":1,"92":0,"93":0,"94":0,"95":0,"96":0,"97":0,"98":0,"99":0,"100":0,"101":0,"102":0,"103":0,"104":0,"105":0,"106":0,"107":0,"108":0,"109":0,"110":0,"111":0,"112":0},"b":{"1":[0,0],"2":[0,0],"3":[0,0],"4":[0,0],"5":[0,0],"6":[0,0],"7":[0,0],"8":[0,0],"9":[0,0],"10":[0,0],"11":[0,0],"12":[0,0],"13":[0,0],"14":[0,0],"15":[0,0,0,0,0,0,0],"16":[0,0],"17":[0,0],"18":[0,0,0,0,0],"19":[0,0],"20":[0,0,0],"21":[0,0],"22":[0,0],"23":[0,0],"24":[0,0],"25":[0,0,0],"26":[0,0],"27":[0,0,0],"28":[0,0],"29":[0,0],"30":[0,0]},"f":{"1":0,"2":0,"3":0,"4":0,"5":0,"6":0,"7":0,"8":0,"9":0,"10":0,"11":0,"12":0,"13":0,"14":0,"15":0,"16":0,"17":0,"18":0,"19":0,"20":0,"21":0,"22":0,"23":0,"24":0,"25":0,"26":0,"27":0,"28":0},"fnMap":{"1":{"name":"browserify","line":15,"loc":{"start":{"line":15,"column":0},"end":{"line":15,"column":36}}},"2":{"name":"(anonymous_2)","line":19,"loc":{"start":{"line":19,"column":22},"end":{"line":19,"column":40}}},"3":{"name":"(anonymous_3)","line":24,"loc":{"start":{"line":24,"column":11},"end":{"line":24,"column":38}}},"4":{"name":"(anonymous_4)","line":26,"loc":{"start":{"line":26,"column":35},"end":{"line":26,"column":50}}},"5":{"name":"(anonymous_5)","line":31,"loc":{"start":{"line":31,"column":24},"end":{"line":31,"column":42}}},"6":{"name":"makeStream","line":38,"loc":{"start":{"line":38,"column":0},"end":{"line":38,"column":24}}},"7":{"name":"(anonymous_7)","line":41,"loc":{"start":{"line":41,"column":22},"end":{"line":41,"column":59}}},"8":{"name":"(anonymous_8)","line":45,"loc":{"start":{"line":45,"column":18},"end":{"line":45,"column":38}}},"9":{"name":"makeClientRequire","line":58,"loc":{"start":{"line":58,"column":0},"end":{"line":58,"column":37}}},"10":{"name":"cr","line":59,"loc":{"start":{"line":59,"column":2},"end":{"line":59,"column":20}}},"11":{"name":"(anonymous_11)","line":62,"loc":{"start":{"line":62,"column":15},"end":{"line":62,"column":31}}},"12":{"name":"makeStaticImplementation","line":70,"loc":{"start":{"line":70,"column":0},"end":{"line":70,"column":53}}},"13":{"name":"staticImplementation","line":71,"loc":{"start":{"line":71,"column":2},"end":{"line":71,"column":49}}},"14":{"name":"staticCompileImplementation","line":78,"loc":{"start":{"line":78,"column":2},"end":{"line":78,"column":62}}},"15":{"name":"staticCompileFileImplementation","line":88,"loc":{"start":{"line":88,"column":2},"end":{"line":88,"column":67}}},"16":{"name":"transform","line":103,"loc":{"start":{"line":103,"column":0},"end":{"line":103,"column":46}}},"17":{"name":"templateToJs","line":104,"loc":{"start":{"line":104,"column":2},"end":{"line":104,"column":34}}},"18":{"name":"(anonymous_18)","line":118,"loc":{"start":{"line":118,"column":30},"end":{"line":118,"column":46}}},"19":{"name":"(anonymous_19)","line":119,"loc":{"start":{"line":119,"column":41},"end":{"line":119,"column":54}}},"20":{"name":"(anonymous_20)","line":122,"loc":{"start":{"line":122,"column":41},"end":{"line":122,"column":54}}},"21":{"name":"isObjectDot","line":135,"loc":{"start":{"line":135,"column":2},"end":{"line":135,"column":39}}},"22":{"name":"isArrayOfStrings","line":141,"loc":{"start":{"line":141,"column":2},"end":{"line":141,"column":34}}},"23":{"name":"(anonymous_23)","line":142,"loc":{"start":{"line":142,"column":66},"end":{"line":142,"column":80}}},"24":{"name":"isKeyedObject","line":146,"loc":{"start":{"line":146,"column":2},"end":{"line":146,"column":36}}},"25":{"name":"isTraceuredTemplateLiteral","line":151,"loc":{"start":{"line":151,"column":2},"end":{"line":151,"column":44}}},"26":{"name":"(anonymous_26)","line":168,"loc":{"start":{"line":168,"column":25},"end":{"line":168,"column":41}}},"27":{"name":"(anonymous_27)","line":169,"loc":{"start":{"line":169,"column":32},"end":{"line":169,"column":55}}},"28":{"name":"(anonymous_28)","line":179,"loc":{"start":{"line":179,"column":16},"end":{"line":179,"column":32}}}},"statementMap":{"1":{"start":{"line":3,"column":0},"end":{"line":3,"column":44}},"2":{"start":{"line":4,"column":0},"end":{"line":4,"column":48}},"3":{"start":{"line":5,"column":0},"end":{"line":5,"column":44}},"4":{"start":{"line":6,"column":0},"end":{"line":6,"column":33}},"5":{"start":{"line":7,"column":0},"end":{"line":7,"column":27}},"6":{"start":{"line":8,"column":0},"end":{"line":8,"column":40}},"7":{"start":{"line":9,"column":0},"end":{"line":9,"column":66}},"8":{"start":{"line":10,"column":0},"end":{"line":10,"column":59}},"9":{"start":{"line":11,"column":0},"end":{"line":11,"column":51}},"10":{"start":{"line":12,"column":0},"end":{"line":12,"column":60}},"11":{"start":{"line":14,"column":0},"end":{"line":14,"column":28}},"12":{"start":{"line":15,"column":0},"end":{"line":36,"column":1}},"13":{"start":{"line":16,"column":2},"end":{"line":35,"column":3}},"14":{"start":{"line":17,"column":4},"end":{"line":17,"column":27}},"15":{"start":{"line":18,"column":4},"end":{"line":18,"column":26}},"16":{"start":{"line":19,"column":4},"end":{"line":21,"column":7}},"17":{"start":{"line":20,"column":6},"end":{"line":20,"column":50}},"18":{"start":{"line":23,"column":4},"end":{"line":23,"column":28}},"19":{"start":{"line":24,"column":4},"end":{"line":34,"column":6}},"20":{"start":{"line":25,"column":6},"end":{"line":25,"column":26}},"21":{"start":{"line":26,"column":6},"end":{"line":30,"column":9}},"22":{"start":{"line":27,"column":8},"end":{"line":29,"column":9}},"23":{"start":{"line":28,"column":10},"end":{"line":28,"column":36}},"24":{"start":{"line":31,"column":6},"end":{"line":33,"column":9}},"25":{"start":{"line":32,"column":8},"end":{"line":32,"column":52}},"26":{"start":{"line":38,"column":0},"end":{"line":56,"column":1}},"27":{"start":{"line":39,"column":2},"end":{"line":39,"column":15}},"28":{"start":{"line":40,"column":2},"end":{"line":40,"column":31}},"29":{"start":{"line":41,"column":2},"end":{"line":44,"column":4}},"30":{"start":{"line":42,"column":4},"end":{"line":42,"column":17}},"31":{"start":{"line":43,"column":4},"end":{"line":43,"column":15}},"32":{"start":{"line":45,"column":2},"end":{"line":54,"column":4}},"33":{"start":{"line":46,"column":4},"end":{"line":53,"column":5}},"34":{"start":{"line":47,"column":6},"end":{"line":47,"column":24}},"35":{"start":{"line":48,"column":6},"end":{"line":48,"column":43}},"36":{"start":{"line":49,"column":6},"end":{"line":49,"column":32}},"37":{"start":{"line":50,"column":6},"end":{"line":50,"column":47}},"38":{"start":{"line":52,"column":6},"end":{"line":52,"column":20}},"39":{"start":{"line":55,"column":2},"end":{"line":55,"column":16}},"40":{"start":{"line":58,"column":0},"end":{"line":68,"column":1}},"41":{"start":{"line":59,"column":2},"end":{"line":61,"column":3}},"42":{"start":{"line":60,"column":4},"end":{"line":60,"column":37}},"43":{"start":{"line":62,"column":2},"end":{"line":66,"column":4}},"44":{"start":{"line":63,"column":4},"end":{"line":65,"column":7}},"45":{"start":{"line":67,"column":2},"end":{"line":67,"column":12}},"46":{"start":{"line":70,"column":0},"end":{"line":100,"column":1}},"47":{"start":{"line":71,"column":2},"end":{"line":77,"column":3}},"48":{"start":{"line":72,"column":4},"end":{"line":76,"column":5}},"49":{"start":{"line":73,"column":6},"end":{"line":73,"column":65}},"50":{"start":{"line":75,"column":6},"end":{"line":75,"column":98}},"51":{"start":{"line":78,"column":2},"end":{"line":87,"column":3}},"52":{"start":{"line":79,"column":4},"end":{"line":79,"column":38}},"53":{"start":{"line":80,"column":4},"end":{"line":83,"column":5}},"54":{"start":{"line":81,"column":6},"end":{"line":82,"column":39}},"55":{"start":{"line":82,"column":6},"end":{"line":82,"column":39}},"56":{"start":{"line":84,"column":4},"end":{"line":84,"column":62}},"57":{"start":{"line":85,"column":4},"end":{"line":85,"column":39}},"58":{"start":{"line":86,"column":4},"end":{"line":86,"column":48}},"59":{"start":{"line":88,"column":2},"end":{"line":96,"column":3}},"60":{"start":{"line":89,"column":4},"end":{"line":89,"column":38}},"61":{"start":{"line":90,"column":4},"end":{"line":93,"column":5}},"62":{"start":{"line":91,"column":6},"end":{"line":92,"column":39}},"63":{"start":{"line":92,"column":6},"end":{"line":92,"column":39}},"64":{"start":{"line":94,"column":4},"end":{"line":94,"column":39}},"65":{"start":{"line":95,"column":4},"end":{"line":95,"column":53}},"66":{"start":{"line":97,"column":2},"end":{"line":97,"column":61}},"67":{"start":{"line":98,"column":2},"end":{"line":98,"column":69}},"68":{"start":{"line":99,"column":2},"end":{"line":99,"column":30}},"69":{"start":{"line":103,"column":0},"end":{"line":196,"column":1}},"70":{"start":{"line":104,"column":2},"end":{"line":109,"column":3}},"71":{"start":{"line":105,"column":4},"end":{"line":108,"column":30}},"72":{"start":{"line":111,"column":2},"end":{"line":115,"column":3}},"73":{"start":{"line":112,"column":4},"end":{"line":112,"column":35}},"74":{"start":{"line":113,"column":4},"end":{"line":113,"column":23}},"75":{"start":{"line":114,"column":4},"end":{"line":114,"column":18}},"76":{"start":{"line":117,"column":2},"end":{"line":132,"column":5}},"77":{"start":{"line":119,"column":6},"end":{"line":121,"column":9}},"78":{"start":{"line":120,"column":8},"end":{"line":120,"column":30}},"79":{"start":{"line":122,"column":6},"end":{"line":124,"column":9}},"80":{"start":{"line":123,"column":8},"end":{"line":123,"column":27}},"81":{"start":{"line":125,"column":6},"end":{"line":125,"column":39}},"82":{"start":{"line":127,"column":6},"end":{"line":127,"column":77}},"83":{"start":{"line":129,"column":6},"end":{"line":130,"column":77}},"84":{"start":{"line":135,"column":2},"end":{"line":140,"column":3}},"85":{"start":{"line":136,"column":4},"end":{"line":139,"column":45}},"86":{"start":{"line":141,"column":2},"end":{"line":145,"column":3}},"87":{"start":{"line":142,"column":4},"end":{"line":144,"column":7}},"88":{"start":{"line":143,"column":6},"end":{"line":143,"column":67}},"89":{"start":{"line":146,"column":2},"end":{"line":150,"column":3}},"90":{"start":{"line":147,"column":4},"end":{"line":149,"column":42}},"91":{"start":{"line":151,"column":2},"end":{"line":164,"column":3}},"92":{"start":{"line":152,"column":4},"end":{"line":163,"column":5}},"93":{"start":{"line":153,"column":6},"end":{"line":153,"column":45}},"94":{"start":{"line":154,"column":6},"end":{"line":162,"column":7}},"95":{"start":{"line":155,"column":8},"end":{"line":155,"column":46}},"96":{"start":{"line":156,"column":8},"end":{"line":161,"column":9}},"97":{"start":{"line":157,"column":10},"end":{"line":157,"column":40}},"98":{"start":{"line":158,"column":10},"end":{"line":160,"column":11}},"99":{"start":{"line":159,"column":12},"end":{"line":159,"column":78}},"100":{"start":{"line":166,"column":2},"end":{"line":166,"column":20}},"101":{"start":{"line":167,"column":2},"end":{"line":184,"column":5}},"102":{"start":{"line":169,"column":6},"end":{"line":177,"column":9}},"103":{"start":{"line":170,"column":8},"end":{"line":176,"column":9}},"104":{"start":{"line":171,"column":10},"end":{"line":171,"column":67}},"105":{"start":{"line":172,"column":10},"end":{"line":175,"column":11}},"106":{"start":{"line":173,"column":12},"end":{"line":173,"column":50}},"107":{"start":{"line":174,"column":12},"end":{"line":174,"column":68}},"108":{"start":{"line":180,"column":6},"end":{"line":182,"column":7}},"109":{"start":{"line":181,"column":8},"end":{"line":181,"column":74}},"110":{"start":{"line":186,"column":2},"end":{"line":193,"column":5}},"111":{"start":{"line":194,"column":2},"end":{"line":194,"column":25}},"112":{"start":{"line":195,"column":2},"end":{"line":195,"column":20}}},"branchMap":{"1":{"line":16,"type":"if","locations":[{"start":{"line":16,"column":2},"end":{"line":16,"column":2}},{"start":{"line":16,"column":2},"end":{"line":16,"column":2}}]},"2":{"line":18,"type":"binary-expr","locations":[{"start":{"line":18,"column":14},"end":{"line":18,"column":19}},{"start":{"line":18,"column":23},"end":{"line":18,"column":25}}]},"3":{"line":23,"type":"binary-expr","locations":[{"start":{"line":23,"column":14},"end":{"line":23,"column":21}},{"start":{"line":23,"column":25},"end":{"line":23,"column":27}}]},"4":{"line":25,"type":"binary-expr","locations":[{"start":{"line":25,"column":14},"end":{"line":25,"column":19}},{"start":{"line":25,"column":23},"end":{"line":25,"column":25}}]},"5":{"line":27,"type":"if","locations":[{"start":{"line":27,"column":8},"end":{"line":27,"column":8}},{"start":{"line":27,"column":8},"end":{"line":27,"column":8}}]},"6":{"line":72,"type":"if","locations":[{"start":{"line":72,"column":4},"end":{"line":72,"column":4}},{"start":{"line":72,"column":4},"end":{"line":72,"column":4}}]},"7":{"line":79,"type":"binary-expr","locations":[{"start":{"line":79,"column":19},"end":{"line":79,"column":31}},{"start":{"line":79,"column":35},"end":{"line":79,"column":37}}]},"8":{"line":81,"type":"if","locations":[{"start":{"line":81,"column":6},"end":{"line":81,"column":6}},{"start":{"line":81,"column":6},"end":{"line":81,"column":6}}]},"9":{"line":81,"type":"binary-expr","locations":[{"start":{"line":81,"column":11},"end":{"line":81,"column":25}},{"start":{"line":81,"column":30},"end":{"line":81,"column":52}}]},"10":{"line":84,"type":"binary-expr","locations":[{"start":{"line":84,"column":28},"end":{"line":84,"column":49}},{"start":{"line":84,"column":53},"end":{"line":84,"column":61}}]},"11":{"line":89,"type":"binary-expr","locations":[{"start":{"line":89,"column":19},"end":{"line":89,"column":31}},{"start":{"line":89,"column":35},"end":{"line":89,"column":37}}]},"12":{"line":91,"type":"if","locations":[{"start":{"line":91,"column":6},"end":{"line":91,"column":6}},{"start":{"line":91,"column":6},"end":{"line":91,"column":6}}]},"13":{"line":91,"type":"binary-expr","locations":[{"start":{"line":91,"column":11},"end":{"line":91,"column":25}},{"start":{"line":91,"column":30},"end":{"line":91,"column":52}}]},"14":{"line":111,"type":"if","locations":[{"start":{"line":111,"column":2},"end":{"line":111,"column":2}},{"start":{"line":111,"column":2},"end":{"line":111,"column":2}}]},"15":{"line":136,"type":"binary-expr","locations":[{"start":{"line":136,"column":11},"end":{"line":136,"column":41}},{"start":{"line":136,"column":45},"end":{"line":136,"column":84}},{"start":{"line":137,"column":6},"end":{"line":137,"column":46}},{"start":{"line":137,"column":50},"end":{"line":137,"column":86}},{"start":{"line":138,"column":6},"end":{"line":138,"column":36}},{"start":{"line":138,"column":40},"end":{"line":138,"column":82}},{"start":{"line":139,"column":6},"end":{"line":139,"column":44}}]},"16":{"line":142,"type":"binary-expr","locations":[{"start":{"line":142,"column":11},"end":{"line":142,"column":42}},{"start":{"line":142,"column":46},"end":{"line":144,"column":6}}]},"17":{"line":143,"type":"binary-expr","locations":[{"start":{"line":143,"column":13},"end":{"line":143,"column":34}},{"start":{"line":143,"column":38},"end":{"line":143,"column":66}}]},"18":{"line":147,"type":"binary-expr","locations":[{"start":{"line":147,"column":11},"end":{"line":147,"column":43}},{"start":{"line":147,"column":47},"end":{"line":147,"column":75}},{"start":{"line":148,"column":6},"end":{"line":148,"column":43}},{"start":{"line":148,"column":47},"end":{"line":148,"column":91}},{"start":{"line":149,"column":6},"end":{"line":149,"column":41}}]},"19":{"line":152,"type":"if","locations":[{"start":{"line":152,"column":4},"end":{"line":152,"column":4}},{"start":{"line":152,"column":4},"end":{"line":152,"column":4}}]},"20":{"line":152,"type":"binary-expr","locations":[{"start":{"line":152,"column":8},"end":{"line":152,"column":35}},{"start":{"line":152,"column":39},"end":{"line":152,"column":66}},{"start":{"line":152,"column":70},"end":{"line":152,"column":120}}]},"21":{"line":154,"type":"if","locations":[{"start":{"line":154,"column":6},"end":{"line":154,"column":6}},{"start":{"line":154,"column":6},"end":{"line":154,"column":6}}]},"22":{"line":154,"type":"binary-expr","locations":[{"start":{"line":154,"column":10},"end":{"line":154,"column":35}},{"start":{"line":154,"column":39},"end":{"line":154,"column":68}}]},"23":{"line":156,"type":"if","locations":[{"start":{"line":156,"column":8},"end":{"line":156,"column":8}},{"start":{"line":156,"column":8},"end":{"line":156,"column":8}}]},"24":{"line":158,"type":"if","locations":[{"start":{"line":158,"column":10},"end":{"line":158,"column":10}},{"start":{"line":158,"column":10},"end":{"line":158,"column":10}}]},"25":{"line":158,"type":"binary-expr","locations":[{"start":{"line":158,"column":14},"end":{"line":158,"column":40}},{"start":{"line":158,"column":44},"end":{"line":158,"column":70}},{"start":{"line":158,"column":74},"end":{"line":158,"column":108}}]},"26":{"line":170,"type":"if","locations":[{"start":{"line":170,"column":8},"end":{"line":170,"column":8}},{"start":{"line":170,"column":8},"end":{"line":170,"column":8}}]},"27":{"line":170,"type":"binary-expr","locations":[{"start":{"line":170,"column":12},"end":{"line":170,"column":48}},{"start":{"line":170,"column":52},"end":{"line":170,"column":82}},{"start":{"line":170,"column":86},"end":{"line":170,"column":102}}]},"28":{"line":172,"type":"if","locations":[{"start":{"line":172,"column":10},"end":{"line":172,"column":10}},{"start":{"line":172,"column":10},"end":{"line":172,"column":10}}]},"29":{"line":180,"type":"if","locations":[{"start":{"line":180,"column":6},"end":{"line":180,"column":6}},{"start":{"line":180,"column":6},"end":{"line":180,"column":6}}]},"30":{"line":180,"type":"binary-expr","locations":[{"start":{"line":180,"column":10},"end":{"line":180,"column":30}},{"start":{"line":180,"column":34},"end":{"line":180,"column":55}}]}},"code":["'use strict';","","var Transform = require('stream').Transform;","var PassThrough = require('stream').PassThrough;","var staticModule = require('static-module');","var resolve = require('resolve');","var path = require('path');","var stringify = require('js-stringify');","var isTemplateLiteral = require('./utils/is-template-literal.js');","var acornTransform = require('./utils/acorn-transform.js');","var compileClient = require('./compile-client.js');","var compileFileClient = require('./compile-file-client.js');","","module.exports = browserify;","function browserify(options, extra) {","  if (typeof options === 'string') {","    var filename = options;","    options = extra || {};","    return makeStream(function (source) {","      return transform(filename, source, options);","    });","  } else {","    options = options || {};","    return function (filename, extra) {","      extra = extra || {};","      Object.keys(options).forEach(function (key) {","        if (typeof extra[key] === 'undefined') {","          extra[key] = options[key];","        }","      });","      return makeStream(function (source) {","        return transform(filename, source, options);","      });","    };","  }","}","","function makeStream(fn) {","  var src = '';","  var stream = new Transform();","  stream._transform = function (chunk, encoding, callback) {","    src += chunk;","    callback();","  };","  stream._flush = function (callback) {","    try {","      var res = fn(src);","      res.on('data', this.push.bind(this));","      res.on('error', callback);","      res.on('end', callback.bind(null, null));","    } catch (err) {","      callback(err);","    }","  };","  return stream;","}","","function makeClientRequire(filename) {","  function cr(path) {","    return require(cr.resolve(path));","  }","  cr.resolve = function (path) {","    return resolve.sync(path, {","      basedir: path.dirname(filename)","    });","  };","  return cr;","}","","function makeStaticImplementation(filename, options) {","  function staticImplementation(templateLiteral) {","    if (isTemplateLiteral(templateLiteral)) {","      return staticCompileImplementation(templateLiteral.raw[0]);","    } else {","      return '(function () { throw new Error(\"Invalid client side argument to react-jade\"); }())';","    }","  }","  function staticCompileImplementation(jadeSrc, localOptions) {","    localOptions = localOptions || {};","    for (var key in options) {","      if ((key in options) && !(key in localOptions))","      localOptions[key] = options[key];","    }","    localOptions.filename = localOptions.filename || filename;","    localOptions.outputFile = filename;","    return compileClient(jadeSrc, localOptions);","  }","  function staticCompileFileImplementation(jadeFile, localOptions) {","    localOptions = localOptions || {};","    for (var key in options) {","      if ((key in options) && !(key in localOptions))","      localOptions[key] = options[key];","    }","    localOptions.outputFile = filename;","    return compileFileClient(jadeFile, localOptions);","  }","  staticImplementation.compile = staticCompileImplementation;","  staticImplementation.compileFile = staticCompileFileImplementation;","  return staticImplementation;","}","","// compile filename and return a readable stream","function transform(filename, source, options) {","  function templateToJs(template) {","    return '(function () {' +","          'var quasi = ' + stringify(template.slice(0)) + ';' +","          'quasi.raw = ' + stringify(template.raw.slice(0)) + ';' +","          'return quasi;}())';","  }","","  if (/\\.json$/.test(filename)) {","    var stream = new PassThrough();","    stream.end(source);","    return stream;","  }","","  source = acornTransform(source, {","    TaggedTemplateExpression: function (node) {","      var cooked = node.quasi.quasis.map(function (q) {","        return q.value.cooked;","      });","      cooked.raw = node.quasi.quasis.map(function (q) {","        return q.value.raw;","      });","      var quasi = templateToJs(cooked);","","      var expressions = node.quasi.expressions.map(acornTransform.getSource);","","      acornTransform.setSource(node, acornTransform.getSource(node.tag) + '(' +","                               [quasi].concat(expressions).join(', ') + ')');","    }","  });","  // var $__0 = Object.freeze(Object.defineProperties([\"\\ndiv\\n  h1 Page not found\"], {raw: {value: Object.freeze([\"\\ndiv\\n  h1 Page not found\"])}}));","  // var notFound =  jade($__0);","  function isObjectDot(node, property) {","    return node.type === 'CallExpression' && node.callee.type === 'MemberExpression'  &&","      node.callee.object.type === 'Identifier' && node.callee.object.name === 'Object' &&","      node.callee.computed === false && node.callee.property.type === 'Identifier' &&","      node.callee.property.name === property;","  }","  function isArrayOfStrings(node) {","    return node.type === 'ArrayExpression' && node.elements.every(function (el) {","      return el.type === 'Literal' && typeof el.value === 'string';","    });","  }","  function isKeyedObject(node, key) {","    return node.type === 'ObjectExpression' && node.properties.length === 1 &&","      node.properties[0].computed === false && node.properties[0].key.type === 'Identifier' &&","      node.properties[0].key.name === key;","  }","  function isTraceuredTemplateLiteral(node) {","    if (isObjectDot(node, 'freeze') && node.arguments.length === 1 && isObjectDot(node.arguments[0], 'defineProperties')) {","      var args = node.arguments[0].arguments;","      if (isArrayOfStrings(args[0]) && isKeyedObject(args[1], 'raw')) {","        var raw = args[1].properties[0].value;","        if (isKeyedObject(raw, 'value')) {","          raw = raw.properties[0].value;","          if (isObjectDot(raw, 'freeze') && raw.arguments.length === 1 && isArrayOfStrings(raw.arguments[0])) {","            return Function('', 'return ' + acornTransform.getSource(node))();","          }","        }","      }","    }","  }","","  var literals = {};","  source = acornTransform(source, {","    VariableDeclaration: function (node) {","      node.declarations.forEach(function (declaration) {","        if (declaration.id.type === 'Identifier' && declaration.id.name[0] === '$' && declaration.init) {","          var value = isTraceuredTemplateLiteral(declaration.init);","          if (value) {","            literals[declaration.id.name] = value;","            acornTransform.setSource(declaration.init, 'undefined');","          }","        }","      });","    },","    Identifier: function (node) {","      if (node.name[0] === '$' && node.name in literals) {","        acornTransform.setSource(node, templateToJs(literals[node.name]));","      }","    }","  });","","  var makeStatic = staticModule({ 'react-jade': makeStaticImplementation(filename, options) }, {","    vars: {","      __dirname: path.dirname(filename),","      __filename: path.resolve(filename),","      path: path,","      require: makeClientRequire(filename)","    }","  });","  makeStatic.end(source);","  return makeStatic;","}",""],"l":{"3":1,"4":1,"5":1,"6":1,"7":1,"8":1,"9":1,"10":1,"11":1,"12":1,"14":1,"15":1,"16":0,"17":0,"18":0,"19":0,"20":0,"23":0,"24":0,"25":0,"26":0,"27":0,"28":0,"31":0,"32":0,"38":1,"39":0,"40":0,"41":0,"42":0,"43":0,"45":0,"46":0,"47":0,"48":0,"49":0,"50":0,"52":0,"55":0,"58":1,"59":1,"60":0,"62":0,"63":0,"67":0,"70":1,"71":1,"72":0,"73":0,"75":0,"78":1,"79":0,"80":0,"81":0,"82":0,"84":0,"85":0,"86":0,"88":1,"89":0,"90":0,"91":0,"92":0,"94":0,"95":0,"97":0,"98":0,"99":0,"103":1,"104":1,"105":0,"111":0,"112":0,"113":0,"114":0
[...]
0].value;","    }","  }","  if (node.TYPE === 'Function') {","    var returnStatement = getReturnStatement(node);","    if (returnStatement) {","      node.body = [returnStatement];","      return node;","    }","  }","  if (isConcattedArray(node)) {","    node.expression.expression.elements = node.expression.expression.elements","      .concat(node.args[0].elements);","    return node.expression.expression;","  }","","  if (isConstantApply(node)) {","    node.expression = node.expression.expression;","    node.args = node.args[1].elements;","  }","};","","// [...].concat([...])","function isConcattedArray(node) {","  return node.TYPE === 'Call' && node.expression.TYPE === 'Dot' &&","    node.expression.property === 'concat' && node.expression.expression.TYPE === 'Array' &&","    node.args.length === 1 && node.args[0].TYPE === 'Array';","}","","// function () { ... }.call(this)","function isVacuousFunction(node) {","  return node.TYPE === 'Call' && node.expression.TYPE === 'Dot' &&","    node.expression.property === 'call' && node.expression.expression.TYPE === 'Function' &&","    node.expression.expression.argnames.length == 0 && node.args.length === 1 &&","    node.args[0].TYPE === 'This';","}","","// Foo.bar.apply(Foo, [...])","function isConstantApply(node) {","  return node.TYPE === 'Call' && node.expression.TYPE === 'Dot' &&","    node.expression.property === 'apply' && node.expression.expression.TYPE === 'Dot' &&","    node.expression.expression.expression.TYPE === 'SymbolRef' && node.args.length === 2 &&","    node.args[0].TYPE === 'SymbolRef' &&","    node.args[0].name === node.expression.expression.expression.name &&","    node.args[1].TYPE === 'Array';","}","","// foo.push(...)","function isArrayPush(node, name) {","  return node.TYPE === 'SimpleStatement' && node.body.TYPE === 'Call' &&","    node.body.expression.TYPE === 'Dot' && node.body.expression.property === 'push' &&","    node.body.expression.expression.TYPE === 'SymbolRef' && node.body.expression.expression.name === name;","}","","// for `function () { var arr = []; arr.push(...); arr.push(...); return arr;}` get `[..., ...]`","function getReturnStatement(node) {","  var nodes = node.body;","  if (nodes.length === 0) return new uglify.AST_Undefined({});","  if (nodes[0].TYPE === 'Var' && nodes[0].definitions.length === 1 && nodes[0].definitions[0].value.TYPE === 'Array') {","    var name = nodes[0].definitions[0].name.name;","    var array = nodes[0].definitions[0].value;","    var elements = array.elements;","    for (var i = 1; isArrayPush(nodes[i], name) && i < nodes.length; i++) {","      elements = elements.concat(nodes[i].body.args);","    }","    if (nodes[i].TYPE === 'Return' && nodes[i].value.TYPE === 'SymbolRef' && nodes[i].value.name === name) {","      array.elements = elements;","      nodes[i].value = array;","      return nodes[i];","    }","  }","}",""],"l":{"9":1,"11":1,"12":1,"13":0,"16":1,"18":1,"19":0,"20":0,"21":0,"22":0,"25":0,"26":0,"27":0,"28":0,"29":0,"32":0,"33":0,"35":0,"38":0,"39":0,"40":0,"45":1,"46":0,"52":1,"53":0,"60":1,"61":0,"70":1,"71":0,"77":1,"78":0,"79":0,"80":0,"81":0,"82":0,"83":0,"84":0,"85":0,"87":0,"88":0,"89":0,"90":0}},"/home/travis/build/npmtest/node-npmtest-react-jade/node_modules/react-jade/lib/compile-file-client.js":{"path":"/home/travis/build/npmtest/node-npmtest-react-jade/node_modules/react-jade/lib/compile-file-client.js","s":{"1":1,"2":1,"3":1,"4":1,"5":1,"6":0,"7":0,"8":0,"9":0},"b":{"1":[0,0]},"f":{"1":0},"fnMap":{"1":{"name":"compileFileClient","line":8,"loc":{"start":{"line":8,"column":0},"end":{"line":8,"column":46}}}},"statementMap":{"1":{"start":{"line":3,"column":0},"end":{"line":3,"column":23}},"2":{"start":{"line":4,"column":0},"end":{"line":4,"column":27}},"3":{"start":{"line":5,"column":0},"end":{"line":5,"column":48}},"4":{"start":{"line":7,"column":0},"end":{"line":7,"column":35}},"5":{"start":{"line":8,"column":0},"end":{"line":13,"column":1}},"6":{"start":{"line":9,"column":2},"end":{"line":9,"column":57}},"7":{"start":{"line":10,"column":2},"end":{"line":10,"column":30}},"8":{"start":{"line":11,"column":2},"end":{"line":11,"column":44}},"9":{"start":{"line":12,"column":2},"end":{"line":12,"column":37}}},"branchMap":{"1":{"line":10,"type":"binary-expr","locations":[{"start":{"line":10,"column":16},"end":{"line":10,"column":23}},{"start":{"line":10,"column":27},"end":{"line":10,"column":29}}]}},"code":["'use strict';","","var fs = require('fs');","var path = require('path');","var compileClient = require('./compile-client');","","module.exports = compileFileClient;","function compileFileClient(filename, options) {","  var str = fs.readFileSync(filename, 'utf8').toString();","  var options = options || {};","  options.filename = path.resolve(filename);","  return compileClient(str, options);","}",""],"l":{"3":1,"4":1,"5":1,"7":1,"8":1,"9":0,"10":0,"11":0,"12":0}},"/home/travis/build/npmtest/node-npmtest-react-jade/node_modules/react-jade/lib/compile.js":{"path":"/home/travis/build/npmtest/node-npmtest-react-jade/node_modules/react-jade/lib/compile.js","s":{"1":1,"2":1,"3":1,"4":1,"5":0,"6":0},"b":{"1":[0,0]},"f":{"1":0},"fnMap":{"1":{"name":"compile","line":7,"loc":{"start":{"line":7,"column":0},"end":{"line":7,"column":30}}}},"statementMap":{"1":{"start":{"line":3,"column":0},"end":{"line":3,"column":29}},"2":{"start":{"line":4,"column":0},"end":{"line":4,"column":31}},"3":{"start":{"line":6,"column":0},"end":{"line":6,"column":25}},"4":{"start":{"line":7,"column":0},"end":{"line":10,"column":1}},"5":{"start":{"line":8,"column":2},"end":{"line":8,"column":40}},"6":{"start":{"line":9,"column":2},"end":{"line":9,"column":55}}},"branchMap":{"1":{"line":8,"type":"binary-expr","locations":[{"start":{"line":8,"column":12},"end":{"line":8,"column":19}},{"start":{"line":8,"column":23},"end":{"line":8,"column":39}}]}},"code":["'use strict';","","var React = require('react');","var parse = require('./parse');","","module.exports = compile;","function compile(str, options){","  options = options || { filename: '' };","  return Function('React', parse(str, options))(React);","}",""],"l":{"3":1,"4":1,"6":1,"7":1,"8":0,"9":0}},"/home/travis/build/npmtest/node-npmtest-react-jade/node_modules/react-jade/lib/compile-file.js":{"path":"/home/travis/build/npmtest/node-npmtest-react-jade/node_modules/react-jade/lib/compile-file.js","s":{"1":1,"2":1,"3":1,"4":1,"5":0},"b":{},"f":{"1":0},"fnMap":{"1":{"name":"compileFile","line":7,"loc":{"start":{"line":7,"column":0},"end":{"line":7,"column":40}}}},"statementMap":{"1":{"start":{"line":3,"column":0},"end":{"line":3,"column":29}},"2":{"start":{"line":4,"column":0},"end":{"line":4,"column":40}},"3":{"start":{"line":6,"column":0},"end":{"line":6,"column":29}},"4":{"start":{"line":7,"column":0},"end":{"line":9,"column":1}},"5":{"start":{"line":8,"column":2},"end":{"line":8,"column":64}}},"branchMap":{},"code":["'use strict';","","var React = require('react');","var parseFile = require('./parse-file');","","module.exports = compileFile;","function compileFile(filename, options) {","  return Function('React', parseFile(filename, options))(React);","}",""],"l":{"3":1,"4":1,"6":1,"7":1,"8":0}},"/home/travis/build/npmtest/node-npmtest-react-jade/node_modules/react-jade/lib/parse-file.js":{"path":"/home/travis/build/npmtest/node-npmtest-react-jade/node_modules/react-jade/lib/parse-file.js","s":{"1":1,"2":1,"3":1,"4":1,"5":1,"6":0,"7":0,"8":0,"9":0},"b":{"1":[0,0]},"f":{"1":0},"fnMap":{"1":{"name":"parseFile","line":8,"loc":{"start":{"line":8,"column":0},"end":{"line":8,"column":38}}}},"statementMap":{"1":{"start":{"line":3,"column":0},"end":{"line":3,"column":23}},"2":{"start":{"line":4,"column":0},"end":{"line":4,"column":27}},"3":{"start":{"line":5,"column":0},"end":{"line":5,"column":31}},"4":{"start":{"line":7,"column":0},"end":{"line":7,"column":27}},"5":{"start":{"line":8,"column":0},"end":{"line":13,"column":1}},"6":{"start":{"line":9,"column":2},"end":{"line":9,"column":57}},"7":{"start":{"line":10,"column":2},"end":{"line":10,"column":30}},"8":{"start":{"line":11,"column":2},"end":{"line":11,"column":44}},"9":{"start":{"line":12,"column":2},"end":{"line":12,"column":29}}},"branchMap":{"1":{"line":10,"type":"binary-expr","locations":[{"start":{"line":10,"column":16},"end":{"line":10,"column":23}},{"start":{"line":10,"column":27},"end":{"line":10,"column":29}}]}},"code":["'use strict';","","var fs = require('fs');","var path = require('path');","var parse = require('./parse');","","module.exports = parseFile;","function parseFile(filename, options) {","  var str = fs.readFileSync(filename, 'utf8').toString();","  var options = options || {};","  options.filename = path.resolve(filename);","  return parse(str, options);","}",""],"l":{"3":1,"4":1,"5":1,"7":1,"8":1,"9":0,"10":0,"11":0,"12":0}},"/home/travis/build/npmtest/node-npmtest-react-jade/node_modules/react-jade/lib/utils/jade-fix-attrs.js":{"path":"/home/travis/build/npmtest/node-npmtest-react-jade/node_modules/react-jade/lib/utils/jade-fix-attrs.js","s":{"1":1,"2":0,"3":0,"4":0,"5":0,"6":0,"7":0,"8":0,"9":0,"10":0,"11":0,"12":0},"b":{"1":[0,0],"2":[0,0],"3":[0,0],"4":[0,0]},"f":{"1":0},"fnMap":{"1":{"name":"jade_fix_attrs","line":1,"loc":{"start":{"line":1,"column":0},"end":{"line":1,"column":31}}}},"statementMap":{"1":{"start":{"line":1,"column":0},"end":{"line":16,"column":1}},"2":{"start":{"line":2,"column":2},"end":{"line":2,"column":22}},"3":{"start":{"line":3,"column":2},"end":{"line":6,"column":3}},"4":{"start":{"line":4,"column":4},"end":{"line":4,"column":33}},"5":{"start":{"line":5,"column":4},"end":{"line":5,"column":24}},"6":{"start":{"line":7,"column":2},"end":{"line":10,"column":3}},"7":{"start":{"line":8,"column":4},"end":{"line":8,"column":41}},"8":{"start":{"line":9,"column":4},"end":{"line":9,"column":30}},"9":{"start":{"line":11,"column":2},"end":{"line":14,"column":3}},"10":{"start":{"line":12,"column":4},"end":{"line":12,"column":37}},"11":{"start":{"line":13,"column":4},"end":{"line":13,"column":26}},"12":{"start":{"line":15,"column":2},"end":{"line":15,"column":15}}},"branchMap":{"1":{"line":2,"type":"binary-expr","locations":[{"start":{"line":2,"column":10},"end":{"line":2,"column":15}},{"start":{"line":2,"column":19},"end":{"line":2,"column":21}}]},"2":{"line":3,"type":"if","locations":[{"start":{"line":3,"column":2},"end":{"line":3,"column":2}},{"start":{"line":3,"column":2},"end":{"line":3,"column":2}}]},"3":{"line":7,"type":"if","locations":[{"start":{"line":7,"column":2},"end":{"line":7,"column":2}},{"start":{"line":7,"column":2},"end":{"line":7,"column":2}}]},"4":{"line":11,"type":"if","locations":[{"start":{"line":11,"column":2},"end":{"line":11,"column":2}},{"start":{"line":11,"column":2},"end":{"line":11,"column":2}}]}},"code":["function jade_fix_attrs(attrs) {","  attrs = attrs || {};","  if ('for' in attrs) {","    attrs.htmlFor = attrs['for'];","    delete attrs['for'];","  }","  if ('maxlength' in attrs) {","    attrs.maxLength = attrs['maxlength'];","    delete attrs['maxlength'];","  }","  if ('class' in attrs) {","    attrs.className = attrs['class'];","    delete attrs['class'];","  }","  return attrs;","}",""],"l":{"1":1,"2":0,"3":0,"4":0,"5":0,"7":0,"8":0,"9":0,"11":0,"12":0,"13":0,"15":0}},"/home/travis/build/npmtest/node-npmtest-react-jade/node_modules/react-jade/lib/utils/jade-fix-style.js":{"path":"/home/travis/build/npmtest/node-npmtest-react-jade/node_modules/react-jade/lib/utils/jade-fix-style.js","s":{"1":1,"2":0,"3":0,"4":0,"5":0},"b":{"1":[0,0]},"f":{"1":0,"2":0,"3":0},"fnMap":{"1":{"name":"jade_fix_style","line":1,"loc":{"start":{"line":1,"column":0},"end":{"line":1,"column":31}}},"2":{"name":"(anonymous_2)","line":2,"loc":{"start":{"line":2,"column":61},"end":{"line":2,"column":76}}},"3":{"name":"(anonymous_3)","line":4,"loc":{"start":{"line":4,"column":12},"end":{"line":4,"column":34}}}},"statementMap":{"1":{"start":{"line":1,"column":0},"end":{"line":7,"column":1}},"2":{"start":{"line":2,"column":2},"end":{"line":6,"column":17}},"3":{"start":{"line":3,"column":4},"end":{"line":3,"column":37}},"4":{"start":{"line":5,"column":4},"end":{"line":5,"column":67}},"5":{"start":{"line":5,"column":68},"end":{"line":5,"column":79}}},"branchMap":{"1":{"line":2,"type":"cond-expr","locations":[{"start":{"line":2,"column":37},"end":{"line":6,"column":8}},{"start":{"line":6,"column":11},"end":{"line":6,"column":16}}]}},"code":["function jade_fix_style(style) {","  return typeof style === \"string\" ? style.split(\";\").filter(function (str) {","    return str.split(\":\").length > 1;","  }).reduce(function (obj, style) {","    obj[style.split(\":\")[0]] = style.split(\":\").slice(1).join(\":\"); return obj;","  }, {}) : style;","}",""],"l":{"1":1,"2":0,"3":0,"5":0}},"/home/travis/build/npmtest/node-npmtest-react-jade/node_modules/react-jade/lib/utils/jade-join-classes.js":{"path":"/home/travis/build/npmtest/node-npmtest-react-jade/node_modules/react-jade/lib/utils/jade-join-classes.js","s":{"1":1,"2":0,"3":0,"4":0},"b":{"1":[0,0],"2":[0,0],"3":[0,0],"4":[0,0]},"f":{"1":0,"2":0,"3":0},"fnMap":{"1":{"name":"jade_join_classes","line":1,"loc":{"start":{"line":1,"column":0},"end":{"line":1,"column":32}}},"2":{"name":"(anonymous_2)","line":3,"loc":{"start":{"line":3,"column":63},"end":{"line":3,"column":78}}},"3":{"name":"(anonymous_3)","line":5,"loc":{"start":{"line":5,"column":11},"end":{"line":5,"column":26}}}},"statementMap":{"1":{"start":{"line":1,"column":0},"end":{"line":6,"column":1}},"2":{"start":{"line":2,"column":2},"end":{"line":5,"column":75}},"3":{"start":{"line":3,"column":80},"end":{"line":3,"column":96}},"4":{"start":{"line":5,"column":28},"end":{"line":5,"column":61}}},"branchMap":{"1":{"line":2,"type":"cond-expr","locations":[{"start":{"line":2,"column":31},"end":{"line":2,"column":57}},{"start":{"line":3,"column":4},"end":{"line":4,"column":11}}]},"2":{"line":3,"type":"cond-expr","locations":[{"start":{"line":3,"column":39},"end":{"line":3,"column":99}},{"start":{"line":4,"column":6},"end":{"line":4,"column":11}}]},"3":{"line":3,"type":"binary-expr","locations":[{"start":{"line":3,"column":5},"end":{"line":3,"column":8}},{"start":{"line":3,"column":12},"end":{"line":3,"column":35}}]},"4":{"line":5,"type":"binary-expr","locations":[{"start":{"line":5,"column":35},"end":{"line":5,"column":46}},{"start":{"line":5,"column":50},"end":{"line":5,"column":60}}]}},"code":["function jade_join_classes(val) {","  return (Array.isArray(val) ? val.map(jade_join_classes) :","    (val && typeof val === \"object\") ? Object.keys(val).filter(function (key) { return val[key]; }) :","      [val]","  ).filter(function (val) { return val != null && val !== \"\"; }).join(\" \");","}",""],"l":{"1":1,"2":0,"3":0,"5":0}},"/home/travis/build/npmtest/node-npmtest-react-jade/node_modules/react-jade/lib/utils/jade-merge.js":{"path":"/home/travis/build/npmtest/node-npmtest-react-jade/node_modules/react-jade/lib/utils/jade-merge.js","s":{"1":1,"2":0,"3":0,"4":0,"5":0,"6":0,"7":0,"8":0,"9":0,"10":0,"11":0,"12":0,"13":0,"14":0,"15":0,"16":0},"b":{"1":[0,0],"2":[0,0],"3":[0,0],"4":[0,0],"5":[0,0]},"f":{"1":0},"fnMap":{"1":{"name":"jade_merge","line":1,"loc":{"start":{"line":1,"column":0},"end":{"line":1,"column":26}}}},"statementMap":{"1":{"start":{"line":1,"column":0},"end":{"line":25,"column":1}},"2":{"start":{"line":2,"column":2},"end":{"line":8,"column":3}},"3":{"start":{"line":3,"column":4},"end":{"line":3,"column":21}},"4":{"start":{"line":4,"column":4},"end":{"line":6,"column":5}},"5":{"start":{"line":5,"column":6},"end":{"line":5,"column":38}},"6":{"start":{"line":7,"column":4},"end":{"line":7,"column":17}},"7":{"start":{"line":10,"column":2},"end":{"line":22,"column":3}},"8":{"start":{"line":11,"column":4},"end":{"line":21,"column":5}},"9":{"start":{"line":12,"column":6},"end":{"line":12,"column":51}},"10":{"start":{"line":13,"column":11},"end":{"line":21,"column":5}},"11":{"start":{"line":14,"column":6},"end":{"line":14,"column":44}},"12":{"start":{"line":15,"column":6},"end":{"line":15,"column":44}},"13":{"start":{"line":16,"column":6},"end":{"line":18,"column":7}},"14":{"start":{"line":17,"column":8},"end":{"line":17,"column":38}},"15":{"start":{"line":20,"column":6},"end":{"line":20,"column":22}},"16":{"start":{"line":24,"column":2},"end":{"line":24,"column":11}}},"branchMap":{"1":{"line":2,"type":"if","locations":[{"start":{"line":2,"column":2},"end":{"line":2,"column":2}},{"start":{"line":2,"column":2},"end":{"line":2,"column":2}}]},"2":{"line":11,"type":"if","locations":[{"start":{"line":11,"column":4},"end":{"line":11,"column":4}},{"start":{"line":11,"column":4},"end":{"line":11,"column":4}}]},"3":{"line":13,"type":"if","locations":[{"start":{"line":13,"column":11},"end":{"line":13,"column":11}},{"start":{"line":13,"column":11},"end":{"line":13,"column":11}}]},"4":{"line":14,"type":"binary-expr","locations":[{"start":{"line":14,"column":15},"end":{"line":14,"column":37}},{"start":{"line":14,"column":41},"end":{"line":14,"column":43}}]},"5":{"line":15,"type":"binary-expr","locations":[{"start":{"line":15,"column":15},"end":{"line":15,"column":37}},{"start":{"line":15,"column":41},"end":{"line":15,"column":43}}]}},"code":["function jade_merge(a, b) {","  if (arguments.length === 1) {","    var attrs = a[0];","    for (var i = 1; i < a.length; i++) {","      attrs = jade_merge(attrs, a[i]);","    }","    return attrs;","  }","","  for (var key in b) {","    if (key === 'class') {","      a[key] = jade_join_classes([a[key], b[key]]);","    } else if (key === 'style') {","      a[key] = jade_fix_style(a[key]) || {};","      b[key] = jade_fix_style(b[key]) || {};","      for (var style in b[key]) {","        a[key][style] = b[key][style];","      }","    } else {","      a[key] = b[key];","    }","  }","","  return a;","};",""],"l":{"1":1,"2":0,"3":0,"4":0,"5":0,"7":0,"10":0,"11":0,"12":0,"13":0,"14":0,"15":0,"16":0,"17":0,"20":0,"24":0}},"/home/travis/build/npmtest/node-npmtest-react-jade/node_modules/react-jade/lib/utils/set-locals.js":{"path":"/home/travis/build/npmtest/node-npmtest-react-jade/node_modules/react-jade/lib/utils/set-locals.js","s":{"1":1,"2":0,"3":1,"4":0,"5":0,"6":0,"7":0,"8":0,"9":0,"10":0,"11":0,"12":0},"b":{"1":[0,0]},"f":{"1":0,"2":0},"fnMap":{"1":{"name":"setLocals","line":1,"loc":{"start":{"line":1,"column":0},"end":{"line":1,"column":27}}},"2":{"name":"newRender","line":3,"loc":{"start":{"line":3,"column":2},"end":{"line":3,"column":39}}}},"statementMap":{"1":{"start":{"line":1,"column":0},"end":{"line":17,"column":1}},"2":{"start":{"line":2,"column":2},"end":{"line":2,"column":20}},"3":{"start":{"line":3,"column":2},"end":{"line":14,"column":3}},"4":{"start":{"line":4,"column":4},"end":{"line":4,"column":23}},"5":{"start":{"line":5,"column":4},"end":{"line":7,"column":5}},"6":{"start":{"line":6,"column":6},"end":{"line":6,"column":35}},"7":{"start":{"line":8,"column":4},"end":{"line":12,"column":5}},"8":{"start":{"line":9,"column":6},"end":{"line":11,"column":7}},"9":{"start":{"line":10,"column":8},"end":{"line":10,"column":47}},"10":{"start":{"line":13,"column":4},"end":{"line":13,"column":40}},"11":{"start":{"line":15,"column":2},"end":{"line":15,"column":31}},"12":{"start":{"line":16,"column":2},"end":{"line":16,"column":19}}},"branchMap":{"1":{"line":8,"type":"if","locations":[{"start":{"line":8,"column":4},"end":{"line":8,"column":4}},{"start":{"line":8,"column":4},"end":{"line":8,"column":4}}]}},"code":["function setLocals(locals) {","  var render = this;","  function newRender(additionalLocals) {","    var newLocals = {};","    for (var key in locals) {","      newLocals[key] = locals[key];","    }","    if (additionalLocals) {","      for (var key in additionalLocals) {","        newLocals[key] = additionalLocals[key];","      }","    }","    return render.call(this, newLocals);","  }","  newRender.locals = setLocals;","  return newRender;","}",""],"l":{"1":1,"2":0,"3":1,"4":0,"5":0,"6":0,"8":0,"9":0,"10":0,"13":0,"15":0,"16":0}}}